<?xml version="1.0" encoding="UTF-8"?>
<robot generator="Robot 5.0.1 (Python 3.8.5 on win32)" generated="20220610 18:54:53.416" rpa="false" schemaversion="3">
<suite id="s1" name="Number Series" source="C:\Users\Софья\PycharmProjects\Home_task_1\ number_series.robot">
<test id="s1-t1" name="Show min and max of the list" line="9">
<kw name="Evaluate" library="BuiltIn">
<var>${min}</var>
<arg>min($numbers)</arg>
<doc>Evaluates the given expression in Python and returns the result.</doc>
<msg timestamp="20220610 18:54:53.450" level="INFO">${min} = -1</msg>
<status status="PASS" starttime="20220610 18:54:53.446" endtime="20220610 18:54:53.450"/>
</kw>
<kw name="Evaluate" library="BuiltIn">
<var>${max}</var>
<arg>max($numbers)</arg>
<doc>Evaluates the given expression in Python and returns the result.</doc>
<msg timestamp="20220610 18:54:53.450" level="INFO">${max} = 10</msg>
<status status="PASS" starttime="20220610 18:54:53.450" endtime="20220610 18:54:53.450"/>
</kw>
<kw name="Log" library="BuiltIn">
<arg>The minimum value is ${min}</arg>
<doc>Logs the given message with the given level.</doc>
<msg timestamp="20220610 18:54:53.450" level="INFO">The minimum value is -1</msg>
<status status="PASS" starttime="20220610 18:54:53.450" endtime="20220610 18:54:53.451"/>
</kw>
<kw name="Log" library="BuiltIn">
<arg>The maximum value is ${max}</arg>
<doc>Logs the given message with the given level.</doc>
<msg timestamp="20220610 18:54:53.451" level="INFO">The maximum value is 10</msg>
<status status="PASS" starttime="20220610 18:54:53.451" endtime="20220610 18:54:53.451"/>
</kw>
<kw name="Set Test Message" library="BuiltIn">
<arg>The minimum (${min}) and maximum (${max}) of the list were found</arg>
<doc>Sets message for the current test case.</doc>
<msg timestamp="20220610 18:54:53.451" level="INFO">Set test message to:
The minimum (-1) and maximum (10) of the list were found</msg>
<status status="PASS" starttime="20220610 18:54:53.451" endtime="20220610 18:54:53.451"/>
</kw>
<status status="PASS" starttime="20220610 18:54:53.446" endtime="20220610 18:54:53.451">The minimum (-1) and maximum (10) of the list were found</status>
</test>
<test id="s1-t2" name="Show unique list values" line="16">
<kw name="Create List" library="BuiltIn">
<var>${Unique_numbers}</var>
<doc>Returns a list containing given items.</doc>
<msg timestamp="20220610 18:54:53.452" level="INFO">${Unique_numbers} = []</msg>
<status status="PASS" starttime="20220610 18:54:53.452" endtime="20220610 18:54:53.452"/>
</kw>
<kw name="Remove Duplicates" library="Collections">
<var>${Unique_numbers}</var>
<arg>${Numbers}</arg>
<doc>Returns a list without duplicates based on the given ``list``.</doc>
<msg timestamp="20220610 18:54:53.452" level="INFO">1 duplicate removed.</msg>
<msg timestamp="20220610 18:54:53.452" level="INFO">${Unique_numbers} = [1, 2, 3, 5, 0, -1, 10]</msg>
<status status="PASS" starttime="20220610 18:54:53.452" endtime="20220610 18:54:53.452"/>
</kw>
<kw name="Log" library="BuiltIn">
<arg>Unique list is ${Unique_numbers}</arg>
<doc>Logs the given message with the given level.</doc>
<msg timestamp="20220610 18:54:53.453" level="INFO">Unique list is [1, 2, 3, 5, 0, -1, 10]</msg>
<status status="PASS" starttime="20220610 18:54:53.452" endtime="20220610 18:54:53.453"/>
</kw>
<kw name="Set Test Message" library="BuiltIn">
<arg>Now there are no duplicates here ${Unique_numbers}</arg>
<doc>Sets message for the current test case.</doc>
<msg timestamp="20220610 18:54:53.453" level="INFO">Set test message to:
Now there are no duplicates here [1, 2, 3, 5, 0, -1, 10]</msg>
<status status="PASS" starttime="20220610 18:54:53.453" endtime="20220610 18:54:53.453"/>
</kw>
<status status="PASS" starttime="20220610 18:54:53.451" endtime="20220610 18:54:53.453">Now there are no duplicates here [1, 2, 3, 5, 0, -1, 10]</status>
</test>
<test id="s1-t3" name="Finding the sum of all values" line="22">
<kw name="Evaluate" library="BuiltIn">
<var>${sum}</var>
<arg>sum($numbers)</arg>
<doc>Evaluates the given expression in Python and returns the result.</doc>
<msg timestamp="20220610 18:54:53.454" level="INFO">${sum} = 21</msg>
<status status="PASS" starttime="20220610 18:54:53.453" endtime="20220610 18:54:53.454"/>
</kw>
<kw name="Log" library="BuiltIn">
<arg>The sum of all numbers is ${sum}</arg>
<doc>Logs the given message with the given level.</doc>
<msg timestamp="20220610 18:54:53.454" level="INFO">The sum of all numbers is 21</msg>
<status status="PASS" starttime="20220610 18:54:53.454" endtime="20220610 18:54:53.454"/>
</kw>
<kw name="Set Test Message" library="BuiltIn">
<arg>The calculated sum of all the numbers is ${sum}</arg>
<doc>Sets message for the current test case.</doc>
<msg timestamp="20220610 18:54:53.454" level="INFO">Set test message to:
The calculated sum of all the numbers is 21</msg>
<status status="PASS" starttime="20220610 18:54:53.454" endtime="20220610 18:54:53.454"/>
</kw>
<status status="PASS" starttime="20220610 18:54:53.453" endtime="20220610 18:54:53.454">The calculated sum of all the numbers is 21</status>
</test>
<doc>This file has test cases for list of numbers</doc>
<status status="PASS" starttime="20220610 18:54:53.418" endtime="20220610 18:54:53.455"/>
</suite>
<statistics>
<total>
<stat pass="3" fail="0" skip="0">All Tests</stat>
</total>
<tag>
</tag>
<suite>
<stat pass="3" fail="0" skip="0" id="s1" name="Number Series">Number Series</stat>
</suite>
</statistics>
<errors>
</errors>
</robot>
