<?xml version="1.0" encoding="UTF-8"?>
<robot generator="Robot 5.0.1 (Python 3.10.4 on linux)" generated="20220623 13:48:40.377" rpa="false" schemaversion="3">
<suite id="s1" name="Sofia" source="/home/sofia">
<suite id="s1-s1" name="PycharmProjects" source="/home/sofia/PycharmProjects">
<suite id="s1-s1-s1" name="Home task 3" source="/home/sofia/PycharmProjects/Home_task_3">
<suite id="s1-s1-s1-s1" name="Finding data from multiple tables for hometask 3" source="/home/sofia/PycharmProjects/Home_task_3/Finding_data_from_multiple_tables_for_hometask_3.robot">
<test id="s1-s1-s1-s1-t1" name="Check Horizontal Filtering" line="13">
<kw name="Test Setup" library="resource" type="SETUP">
<msg timestamp="20220623 13:48:40.885" level="TRACE">Arguments: [  ]</msg>
<kw name="Create Session" library="Req">
<arg>alias</arg>
<arg>http://localhost:3000</arg>
<doc>Create Session: create a HTTP session to a server</doc>
<msg timestamp="20220623 13:48:40.885" level="TRACE">Arguments: [ 'alias' | 'http://localhost:3000' ]</msg>
<msg timestamp="20220623 13:48:40.885" level="DEBUG">Test timeout 10 seconds active. 9.999 seconds left.</msg>
<msg timestamp="20220623 13:48:40.885" level="INFO">Creating Session using : alias=alias, url=http://localhost:3000, headers={},                     cookies={}, auth=None, timeout=None, proxies=None, verify=False,                     debug=0 </msg>
<msg timestamp="20220623 13:48:40.885" level="DEBUG">Creating session: alias</msg>
<msg timestamp="20220623 13:48:40.886" level="TRACE">Return: &lt;requests.sessions.Session object at 0x7f2f2dcae4d0&gt;</msg>
<status status="PASS" starttime="20220623 13:48:40.885" endtime="20220623 13:48:40.886"/>
</kw>
<kw name="Connect To Postgresql" library="DB">
<arg>app_db</arg>
<arg>app_user</arg>
<arg>password</arg>
<arg>localhost</arg>
<arg>5432</arg>
<doc>Connection to Postgres DB.</doc>
<msg timestamp="20220623 13:48:40.886" level="TRACE">Arguments: [ 'app_db' | 'app_user' | 'password' | 'localhost' | '5432' ]</msg>
<msg timestamp="20220623 13:48:40.886" level="DEBUG">Test timeout 10 seconds active. 9.998 seconds left.</msg>
<msg timestamp="20220623 13:48:40.886" level="DEBUG">Connecting using : dbhost=localhost, dbport=5432, dbname=app_db, dbusername=app_user, dbpassword=password, alias=None</msg>
<msg timestamp="20220623 13:48:40.906" level="TRACE">Return: 1</msg>
<status status="PASS" starttime="20220623 13:48:40.886" endtime="20220623 13:48:40.906"/>
</kw>
<msg timestamp="20220623 13:48:40.907" level="TRACE">Return: None</msg>
<status status="PASS" starttime="20220623 13:48:40.885" endtime="20220623 13:48:40.907"/>
</kw>
<kw name="Get Columns From Customers And Products From PostgRest" library="cust_prod">
<var>${address}</var>
<var>${email}</var>
<var>${title}</var>
<var>${price}</var>
<arg>alias</arg>
<arg>select=customers!inner(address1,email),products!inner(title,price)&amp;customers.age=gt.40&amp;customers.state=eq.NV</arg>
<arg>200</arg>
<msg timestamp="20220623 13:48:40.907" level="TRACE">Arguments: [ 'alias' | 'select=customers!inner(address1,email),products!inner(title,price)&amp;customers.age=gt.40&amp;customers.state=eq.NV' | '200' ]</msg>
<msg timestamp="20220623 13:48:40.907" level="DEBUG">Test timeout 10 seconds active. 9.977 seconds left.</msg>
<msg timestamp="20220623 13:48:40.910" level="DEBUG">Starting new HTTP connection (1): localhost:3000</msg>
<msg timestamp="20220623 13:48:40.964" level="DEBUG">http://localhost:3000 "GET /cust_hist?select=customers!inner(address1,email),products!inner(title,price)&amp;customers.age=gt.40&amp;customers.state=eq.NV HTTP/1.1" 200 None</msg>
<msg timestamp="20220623 13:48:40.964" level="INFO">GET Request : url=http://localhost:3000/cust_hist?select=customers!inner(address1,email),products!inner(title,price)&amp;customers.age=gt.40&amp;customers.state=eq.NV 
 path_url=/cust_hist?select=customers!inner(address1,email),products!inner(title,price)&amp;customers.age=gt.40&amp;customers.state=eq.NV 
 headers={'User-Agent': 'python-requests/2.28.0', 'Accept-Encoding': 'gzip, deflate', 'Accept': '*/*', 'Connection': 'keep-alive'} 
 body=None 
 </msg>
<msg timestamp="20220623 13:48:40.964" level="INFO">GET Response : url=http://localhost:3000/cust_hist?select=customers!inner(address1,email),products!inner(title,price)&amp;customers.age=gt.40&amp;customers.state=eq.NV 
 status=200, reason=OK 
 headers={'Transfer-Encoding': 'chunked', 'Date': 'Thu, 23 Jun 2022 10:48:40 GMT', 'Server': 'postgrest/9.0.0', 'Content-Range': '0-392/*', 'Content-Location': '/cust_hist?customers.age=gt.40&amp;customers.state=eq.NV&amp;select=customers%21inner%28address1%2Cemail%29%2Cproducts%21inner%28title%2Cprice%29', 'Content-Type': 'application/json; charset=utf-8'} 
 body=[{"customers":{"address1":"1574391649 Dell Way","email":"SMSKOAYJRA@dell.com"},"products":{"title":"AFFAIR METROPOLIS","price":12.99}}, 
 {"customers":{"address1":"1574391649 Dell Way","email":"SMSKOAYJRA@dell.com"},"products":{"title":"AFFAIR HURRICANE","price":25.99}}, 
 {"customers":{"address1":"1574391649 Dell Way","email":"SMSKOAYJRA@dell.com"},"products":{"title":"AIRPLANE MONSTER","price":25.99}}, 
 {"customers":{"address1":"1687371996 Dell Way","email":"FAJOCKOVZM@dell.com"},"products":{"title":"ALADDIN HOBBIT","price":17.99}}, 
 {"customers":{"address1":"1687371996 Dell Way","email":"FAJOCKOVZM@dell.com"},"products":{"title":"AFFAIR EARRING","price":25.99}}, 
 {"customers":{"address1":"1687371996 Dell Way","email":"FAJOCKOVZM@dell.com"},"products":{"title":"AIRPORT WILD","price":17.99}}, 
 {"customers":{"address1":"1687371996 Dell Way","email":"FAJOCKOVZM@dell.com"},"products":{"title":"AFFAIR DARKO","price":24.99}}, 
 {"customers":{"address1":"1687371996 Dell Way","email":"FAJOCKOVZM@dell.com"},"products":{"title":"AGENT MERMAID","price":27.99}}, 
 {"customers":{"address1":"5473219555 Dell Way","email":"RRCTTIYSPH@dell.com"},"products":{"title":"AGENT DISTURBING","price":17.99}}, 
 {"customers":{"address1":"5473219555 Dell Way","email":"RRCTTIYSPH@dell.com"},"products":{"title":"AGENT NASH","price":17.99}}, 
 {"customers":{"address1":"5473219555 Dell Way","email":"RRCTTIYSPH@dell.com"},"products":{"title":"AGENT HOLIDAY","price":22.99}}, 
 {"customers":{"address1":"3979666543 Dell Way","email":"CHDIZHAWHJ@dell.com"},"products":{"title":"ALADDIN BIKINI","price":14.99}}, 
 {"customers":{"address1":"3979666543 Dell Way","email":"CHDIZHAWHJ@dell.com"},"products":{"title":"AFFAIR EFFECT","price":9.99}}, 
 {"customers":{"address1":"3979666543 Dell Way","email":"CHDIZHAWHJ@dell.com"},"products":{"title":"AGENT FRANKENSTEIN","price":20.99}}, 
 {"customers":{"address1":"3979666543 Dell Way","email":"CHDIZHAWHJ@dell.com"},"products":{"title":"AFFAIR WASTELAND","price":25.99}}, 
 {"customers":{"address1":"3979666543 Dell Way","email":"CHDIZHAWHJ@dell.com"},"products":{"title":"ADAPTATION HOLY","price":18.99}}, 
 {"customers":{"address1":"8852969286 Dell Way","email":"RDEOWWUOOU@dell.com"},"products":{"title":"AIRPORT DRIVER","price":29.99}}, 
 {"customers":{"address1":"8852969286 Dell Way","email":"RDEOWWUOOU@dell.com"},"products":{"title":"AFRICAN ALAMO","price":20.99}}, 
 {"customers":{"address1":"8852969286 Dell Way","email":"RDEOWWUOOU@dell.com"},"products":{"title":"AFFAIR VOICE","price":15.99}}, 
 {"customers":{"address1":"8852969286 Dell Way","email":"RDEOWWUOOU@dell.com"},"products":{"title":"ALADDIN RIGHT","price":28.99}}, 
 {"customers":{"address1":"8852969286 Dell Way","email":"RDEOWWUOOU@dell.com"},"products":{"title":"ADAPTATION EXPECATIONS","price":16.99}}, 
 {"customers":{"address1":"8852969286 Dell Way","email":"RDEOWWUOOU@dell.com"},"products":{"title":"ALABAMA DARES","price":16.99}}, 
 {"customers":{"address1":"8852969286 Dell Way","email":"RDEOWWUOOU@dell.com"},"products":{"title":"AIRPORT WOLVES","price":20.99}}, 
 {"customers":{"address1":"8852969286 Dell Way","email":"RDEOWWUOOU@dell.com"},"products":{"title":"AIRPORT LOATHING","price":27.99}}, 
 {"customers":{"address1":"8852969286 Dell Way","email":"RDEOWWUOOU@dell.com"},"products":{"title":"ACE EDGE","price":18.99}}, 
 {"customers":{"address1":"7187945799 Dell Way","email":"VVLBWJOXRA@dell.com"},"products":{"title":"AFRICAN GORGEOUS","price":19.99}}, 
 {"customers":{"address1":"7187945799 Dell Way","email":"VVLBWJOXRA@dell.com"},"products":{"title":"AGENT HAMLET","price":22.99}}, 
 {"customers":{"address1":"7187945799 Dell Way","email":"VVLBWJOXRA@dell.com"},"products":{"title":"ALABAMA WATERFRONT","price":16.99}}, 
 {"customers":{"address1":"7187945799 Dell Way","email":"VVLBWJOXRA@dell.com"},"products":{"title":"ACADEMY HIGH","price":10.99}}, 
 {"customers":{"address1":"8695428889 Dell Way","email":"PYSIBPCOXN@dell.com"},"products":{"title":"ACE SUMMER","price":17.99}}, 
 {"customers":{"address1":"8695428889 Dell Way","email":"PYSIBPCOXN@dell.com"},"products":{"title":"AIRPORT RANGE","price":29.99}}, 
 {"customers":{"address1":"8695428889 Dell Way","email":"PYSIBPCOXN@dell.com"},"products":{"title":"ALADDIN WILLOW","price":21.99}}, 
 {"customers":{"address1":"3304181674 Dell Way","email":"MHEOZWGIYZ@dell.com"},"products":{"title":"ALABAMA PITTSBURGH","price":12.99}}, 
 {"customers":{"address1":"3304181674 Dell Way","email":"MHEOZWGIYZ@dell.com"},"products":{"title":"AIRPLANE UPRISING","price":19.99}}, 
 {"customers":{"address1":"3304181674 Dell Way","email":"MHEOZWGIYZ@dell.com"},"products":{"title":"ACADEMY WIFE","price":26.99}}, 
 {"customers":{"address1":"3304181674 Dell Way","email":"MHEOZWGIYZ@dell.com"},"products":{"title":"AIRPLANE VALLEY","price":27.99}}, 
 {"customers":{"address1":"3304181674 Dell Way","email":"MHEOZWGIYZ@dell.com"},"products":{"title":"AIRPLANE HOTEL","price":26.99}}, 
 {"customers":{"address1":"3304181674 Dell Way","email":"MHEOZWGIYZ@dell.com"},"products":{"title":"AIRPORT PACKER","price":23.99}}, 
 {"customers":{"address1":"3304181674 Dell Way","email":"MHEOZWGIYZ@dell.com"},"products":{"title":"ALADDIN HARDLY","price":28.99}}, 
 {"customers":{"address1":"9128354326 Dell Way","email":"ADATGYDMLV@dell.com"},"products":{"title":"AFFAIR STEERS","price":14.99}}, 
 {"customers":{"address1":"9128354326 Dell Way","email":"ADATGYDMLV@dell.com"},"products":{"title":"ACE JADE","price":19.99}}, 
 {"customers":{"address1":"9128354326 Dell Way","email":"ADATGYDMLV@dell.com"},"products":{"title":"ADAPTATION SHOCK","price":14.99}}, 
 {"customers":{"address1":"9128354326 Dell Way","email":"ADATGYDMLV@dell.com"},"products":{"title":"AIRPORT SOUTH","price":29.99}}, 
 {"customers":{"address1":"9128354326 Dell Way","email":"ADATGYDMLV@dell.com"},"products":{"title":"AFFAIR EFFECT","price":9.99}}, 
 {"customers":{"address1":"9128354326 Dell Way","email":"ADATGYDMLV@dell.com"},"products":{"title":"AIRPLANE FARGO","price":25.99}}, 
 {"customers":{"address1":"9128354326 Dell Way","email":"ADATGYDMLV@dell.com"},"products":{"title":"ALABAMA NATIONAL","price":17.99}}, 
 {"customers":{"address1":"9128354326 Dell Way","email":"ADATGYDMLV@dell.com"},"products":{"title":"AFRICAN PINOCCHIO","price":18.99}}, 
 {"customers":{"address1":"7313561665 Dell Way","email":"MUXCWPCDPB@dell.com"},"products":{"title":"ALABAMA KARATE","price":20.99}}, 
 {"customers":{"address1":"7313561665 Dell Way","email":"MUXCWPCDPB@dell.com"},"products":{"title":"AIRPORT GLORY","price":11.99}}, 
 {"customers":{"address1":"7313561665 Dell Way","email":"MUXCWPCDPB@dell.com"},"products":{"title":"AFFAIR BORROWERS","price":14.99}}, 
 {"customers":{"address1":"7313561665 Dell Way","email":"MUXCWPCDPB@dell.com"},"products":{"title":"ACE DRUMLINE","price":22.99}}, 
 {"customers":{"address1":"7313561665 Dell Way","email":"MUXCWPCDPB@dell.com"},"products":{"title":"AGENT FIREHOUSE","price":28.99}}, 
 {"customers":{"address1":"7313561665 Dell Way","email":"MUXCWPCDPB@dell.com"},"products":{"title":"AFFAIR FLINTSTONES","price":22.99}}, 
 {"customers":{"address1":"8686569946 Dell Way","email":"FUUJOFKRGB@dell.com"},"products":{"title":"AIRPORT CONFESSIONS","price":28.99}}, 
 {"customers":{"address1":"2772102123 Dell Way","email":"GNYFERIGGA@dell.com"},"products":{"title":"ADAPTATION MICROCOSMOS","price":29.99}}, 
 {"customers":{"address1":"2772102123 Dell Way","email":"GNYFERIGGA@dell.com"},"products":{"title":"AIRPLANE MOONSHINE","price":26.99}}, 
 {"customers":{"address1":"2772102123 Dell Way","email":"GNYFERIGGA@dell.com"},"products":{"title":"AFRICAN HOME","price":21.99}}, 
 {"customers":{"address1":"2772102123 Dell Way","email":"GNYFERIGGA@dell.com"},"products":{"title":"ALADDIN TIMBERLAND","price":23.99}}, 
 {"customers":{"address1":"2772102123 Dell Way","email":"GNYFERIGGA@dell.com"},"products":{"title":"ACADEMY DADDY","price":15.99}}, 
 {"customers":{"address1":"5900028529 Dell Way","email":"AIVMQXXYAT@dell.com"},"products":{"title":"AFRICAN NOVOCAINE","price":10.99}}, 
 {"customers":{"address1":"5900028529 Dell Way","email":"AIVMQXXYAT@dell.com"},"products":{"title":"ACADEMY STRAIGHT","price":9.99}}, 
 {"customers":{"address1":"5900028529 Dell Way","email":"AIVMQXXYAT@dell.com"},"products":{"title":"AGENT SAMURAI","price":29.99}}, 
 {"customers":{"address1":"5900028529 Dell Way","email":"AIVMQXXYAT@dell.com"},"products":{"title":"AIRPORT BRIDE","price":12.99}}, 
 {"customers":{"address1":"9091617857 Dell Way","email":"DTVJLOQAIS@dell.com"},"products":{"title":"ADAPTATION PACKER","price":15.99}}, 
 {"customers":{"address1":"9091617857 Dell Way","email":"DTVJLOQAIS@dell.com"},"products":{"title":"ALADDIN POTTER","price":11.99}}, 
 {"customers":{"address1":"9091617857 Dell Way","email":"DTVJLOQAIS@dell.com"},"products":{"title":"AIRPORT ILLUSION","price":29.99}}, 
 {"customers":{"address1":"9091617857 Dell Way","email":"DTVJLOQAIS@dell.com"},"products":{"title":"ALABAMA DETAILS","price":17.99}}, 
 {"customers":{"address1":"9091617857 Dell Way","email":"DTVJLOQAIS@dell.com"},"products":{"title":"AIRPLANE CALENDAR","price":24.99}}, 
 {"customers":{"address1":"9091617857 Dell Way","email":"DTVJLOQAIS@dell.com"},"products":{"title":"AIRPLANE CHASING","price":14.99}}, 
 {"customers":{"address1":"9091617857 Dell Way","email":"DTVJLOQAIS@dell.com"},"products":{"title":"AIRPORT GREASE","price":17.99}}, 
 {"customers":{"address1":"3601240928 Dell Way","email":"YVVQAFFIGG@dell.com"},"products":{"title":"AIRPLANE DANCING","price":26.99}}, 
 {"customers":{"address1":"3601240928 Dell Way","email":"YVVQAFFIGG@dell.com"},"products":{"title":"AGENT AFRICAN","price":16.99}}, 
 {"customers":{"address1":"3601240928 Dell Way","email":"YVVQAFFIGG@dell.com"},"products":{"title":"ALABAMA DARKO","price":23.99}}, 
 {"customers":{"address1":"3601240928 Dell Way","email":"YVVQAFFIGG@dell.com"},"products":{"title":"ADAPTATION ILLUSION","price":27.99}}, 
 {"customers":{"address1":"3601240928 Dell Way","email":"YVVQAFFIGG@dell.com"},"products":{"title":"AFFAIR FIDDLER","price":23.99}}, 
 {"customers":{"address1":"3601240928 Dell Way","email":"YVVQAFFIGG@dell.com"},"products":{"title":"ACADEMY ALICE","price":12.99}}, 
 {"customers":{"address1":"3601240928 Dell Way","email":"YVVQAFFIGG@dell.com"},"products":{"title":"AFFAIR SMOOCHY","price":18.99}}, 
 {"customers":{"address1":"3601240928 Dell Way","email":"YVVQAFFIGG@dell.com"},"products":{"title":"ACE WAIT","price":24.99}}, 
 {"customers":{"address1":"8169218833 Dell Way","email":"HGTYWOUMUM@dell.com"},"products":{"title":"AIRPORT BIRCH","price":12.99}}, 
 {"customers":{"address1":"8169218833 Dell Way","email":"HGTYWOUMUM@dell.com"},"products":{"title":"AGENT DARES","price":13.99}}, 
 {"customers":{"address1":"8169218833 Dell Way","email":"HGTYWOUMUM@dell.com"},"products":{"title":"ADAPTATION SMOKING","price":25.99}}, 
 {"customers":{"address1":"8169218833 Dell Way","email":"HGTYWOUMUM@dell.com"},"products":{"title":"AIRPLANE FIREHOUSE","price":26.99}}, 
 {"customers":{"address1":"6404694063 Dell Way","email":"RFWNNENSOP@dell.com"},"products":{"title":"ALABAMA EAGLES","price":26.99}}, 
 {"customers":{"address1":"6404694063 Dell Way","email":"RFWNNENSOP@dell.com"},"products":{"title":"ALADDIN JACKET","price":20.99}}, 
 {"customers":{"address1":"6404694063 Dell Way","email":"RFWNNENSOP@dell.com"},"products":{"title":"ACE ENDING","price":13.99}}, 
 {"customers":{"address1":"6404694063 Dell Way","email":"RFWNNENSOP@dell.com"},"products":{"title":"AIRPORT ISLAND","price":10.99}}, 
 {"customers":{"address1":"6404694063 Dell Way","email":"RFWNNENSOP@dell.com"},"products":{"title":"ADAPTATION MADISON","price":24.99}}, 
 {"customers":{"address1":"6404694063 Dell Way","email":"RFWNNENSOP@dell.com"},"products":{"title":"ACADEMY BREAKFAST","price":18.99}}, 
 {"customers":{"address1":"6404694063 Dell Way","email":"RFWNNENSOP@dell.com"},"products":{"title":"AFFAIR MULAN","price":12.99}}, 
 {"customers":{"address1":"6404694063 Dell Way","email":"RFWNNENSOP@dell.com"},"products":{"title":"ACE TEEN","price":26.99}}, 
 {"customers":{"address1":"9345819061 Dell Way","email":"OTVNIRDTHF@dell.com"},"products":{"title":"ALABAMA KNOCK","price":11.99}}, 
 {"customers":{"address1":"9345819061 Dell Way","email":"OTVNIRDTHF@dell.com"},"products":{"title":"ALADDIN STATE","price":21.99}}, 
 {"customers":{"address1":"9345819061 Dell Way","email":"OTVNIRDTHF@dell.com"},"products":{"title":"ACADEMY DEVIL","price":20.99}}, 
 {"customers":{"address1":"9345819061 Dell Way","email":"OTVNIRDTHF@dell.com"},"products":{"title":"AIRPLANE HEAD","price":26.99}}, 
 {"customers":{"address1":"8071631515 Dell Way","email":"OQJEXIRFLJ@dell.com"},"products":{"title":"AIRPLANE JUMANJI","price":17.99}}, 
 {"customers":{"address1":"8071631515 Dell Way","email":"OQJEXIRFLJ@dell.com"},"products":{"title":"AFRICAN MADNESS","price":22.99}}, 
 {"customers":{"address1":"8071631515 Dell Way","email":"OQJEXIRFLJ@dell.com"},"products":{"title":"AIRPORT DADDY","price":11.99}}, 
 {"customers":{"address1":"8071631515 Dell Way","email":"OQJEXIRFLJ@dell.com"},"products":{"title":"AGENT MUSIC","price":11.99}}, 
 {"customers":{"address1":"8071631515 Dell Way","email":"OQJEXIRFLJ@dell.com"},"products":{"title":"AFFAIR OPERATION","price":23.99}}, 
 {"customers":{"address1":"8071631515 Dell Way","email":"OQJEXIRFLJ@dell.com"},"products":{"title":"AIRPLANE ALICE","price":29.99}}, 
 {"customers":{"address1":"8071631515 Dell Way","email":"OQJEXIRFLJ@dell.com"},"products":{"title":"AGENT BIRDCAGE","price":28.99}}, 
 {"customers":{"address1":"8071631515 Dell Way","email":"OQJEXIRFLJ@dell.com"},"products":{"title":"AFFAIR VOYAGE","price":24.99}}, 
 {"customers":{"address1":"2251193445 Dell Way","email":"NFKMVFOFDE@dell.com"},"products":{"title":"AGENT BOILED","price":22.99}}, 
 {"customers":{"address1":"2251193445 Dell Way","email":"NFKMVFOFDE@dell.com"},"products":{"title":"AGENT MUSIC","price":11.99}}, 
 {"customers":{"address1":"2251193445 Dell Way","email":"NFKMVFOFDE@dell.com"},"products":{"title":"ACE JASON","price":24.99}}, 
 {"customers":{"address1":"2251193445 Dell Way","email":"NFKMVFOFDE@dell.com"},"products":{"title":"ALADDIN DINOSAUR","price":23.99}}, 
 {"customers":{"address1":"2251193445 Dell Way","email":"NFKMVFOFDE@dell.com"},"products":{"title":"ACADEMY PET","price":27.99}}, 
 {"customers":{"address1":"2251193445 Dell Way","email":"NFKMVFOFDE@dell.com"},"products":{"title":"ACE GALAXY","price":29.99}}, 
 {"customers":{"address1":"2251193445 Dell Way","email":"NFKMVFOFDE@dell.com"},"products":{"title":"ALADDIN LONELY","price":20.99}}, 
 {"customers":{"address1":"2251193445 Dell Way","email":"NFKMVFOFDE@dell.com"},"products":{"title":"AIRPLANE BORN","price":24.99}}, 
 {"customers":{"address1":"6857110074 Dell Way","email":"AGMPETVQPM@dell.com"},"products":{"title":"ACE SENSIBILITY","price":22.99}}, 
 {"customers":{"address1":"6857110074 Dell Way","email":"AGMPETVQPM@dell.com"},"products":{"title":"ALADDIN ATTACKS","price":9.99}}, 
 {"customers":{"address1":"6857110074 Dell Way","email":"AGMPETVQPM@dell.com"},"products":{"title":"AFFAIR SHAWSHANK","price":27.99}}, 
 {"customers":{"address1":"6857110074 Dell Way","email":"AGMPETVQPM@dell.com"},"products":{"title":"AIRPORT JERK","price":13.99}}, 
 {"customers":{"address1":"6857110074 Dell Way","email":"AGMPETVQPM@dell.com"},"products":{"title":"AGENT JOON","price":13.99}}, 
 {"customers":{"address1":"6857110074 Dell Way","email":"AGMPETVQPM@dell.com"},"products":{"title":"ADAPTATION FISH","price":17.99}}, 
 {"customers":{"address1":"6857110074 Dell Way","email":"AGMPETVQPM@dell.com"},"products":{"title":"AIRPLANE DETECTIVE","price":17.99}}, 
 {"customers":{"address1":"6857110074 Dell Way","email":"AGMPETVQPM@dell.com"},"products":{"title":"AFRICAN PLATOON","price":15.99}}, 
 {"customers":{"address1":"7313561665 Dell Way","email":"MUXCWPCDPB@dell.com"},"products":{"title":"ALADDIN HOMEWARD","price":13.99}}, 
 {"customers":{"address1":"3283209544 Dell Way","email":"BVGXBEOIWQ@dell.com"},"products":{"title":"AIRPLANE LUST","price":21.99}}, 
 {"customers":{"address1":"3283209544 Dell Way","email":"BVGXBEOIWQ@dell.com"},"products":{"title":"ALABAMA SATISFACTION","price":17.99}}, 
 {"customers":{"address1":"3283209544 Dell Way","email":"BVGXBEOIWQ@dell.com"},"products":{"title":"AFRICAN PURPLE","price":28.99}}, 
 {"customers":{"address1":"3283209544 Dell Way","email":"BVGXBEOIWQ@dell.com"},"products":{"title":"ADAPTATION DAZED","price":12.99}}, 
 {"customers":{"address1":"3283209544 Dell Way","email":"BVGXBEOIWQ@dell.com"},"products":{"title":"ALABAMA MIXED","price":22.99}}, 
 {"customers":{"address1":"8530963732 Dell Way","email":"FXMEWECLKL@dell.com"},"products":{"title":"ADAPTATION ROBBERY","price":18.99}}, 
 {"customers":{"address1":"8530963732 Dell Way","email":"FXMEWECLKL@dell.com"},"products":{"title":"ALADDIN PIANIST","price":18.99}}, 
 {"customers":{"address1":"8530963732 Dell Way","email":"FXMEWECLKL@dell.com"},"products":{"title":"ALABAMA DRACULA","price":23.99}}, 
 {"customers":{"address1":"8530963732 Dell Way","email":"FXMEWECLKL@dell.com"},"products":{"title":"AFRICAN CRAFT","price":19.99}}, 
 {"customers":{"address1":"8530963732 Dell Way","email":"FXMEWECLKL@dell.com"},"products":{"title":"ACE FLASH","price":16.99}}, 
 {"customers":{"address1":"4689873979 Dell Way","email":"MDOJRIRYXA@dell.com"},"products":{"title":"ACADEMY HYDE","price":13.99}}, 
 {"customers":{"address1":"4689873979 Dell Way","email":"MDOJRIRYXA@dell.com"},"products":{"title":"AIRPORT CONNECTION","price":17.99}}, 
 {"customers":{"address1":"4689873979 Dell Way","email":"MDOJRIRYXA@dell.com"},"products":{"title":"ALADDIN POLLOCK","price":13.99}}, 
 {"customers":{"address1":"4689873979 Dell Way","email":"MDOJRIRYXA@dell.com"},"products":{"title":"ACADEMY KILLER","price":21.99}}, 
 {"customers":{"address1":"4689873979 Dell Way","email":"MDOJRIRYXA@dell.com"},"products":{"title":"ALABAMA PACKER","price":29.99}}, 
 {"customers":{"address1":"4689873979 Dell Way","email":"MDOJRIRYXA@dell.com"},"products":{"title":"AIRPLANE EARLY","price":22.99}}, 
 {"customers":{"address1":"4689873979 Dell Way","email":"MDOJRIRYXA@dell.com"},"products":{"title":"ALADDIN DETECTIVE","price":19.99}}, 
 {"customers":{"address1":"8085221296 Dell Way","email":"XHGWGIXWQR@dell.com"},"products":{"title":"AIRPORT CROW","price":17.99}}, 
 {"customers":{"address1":"7879327493 Dell Way","email":"VKLACIUEHQ@dell.com"},"products":{"title":"ACE LOVERBOY","price":28.99}}, 
 {"customers":{"address1":"7879327493 Dell Way","email":"VKLACIUEHQ@dell.com"},"products":{"title":"AGENT HELLFIGHTERS","price":9.99}}, 
 {"customers":{"address1":"7879327493 Dell Way","email":"VKLACIUEHQ@dell.com"},"products":{"title":"ALADDIN HOMICIDE","price":16.99}}, 
 {"customers":{"address1":"7879327493 Dell Way","email":"VKLACIUEHQ@dell.com"},"products":{"title":"ACE JUMPING","price":14.99}}, 
 {"customers":{"address1":"7879327493 Dell Way","email":"VKLACIUEHQ@dell.com"},"products":{"title":"ADAPTATION TENENBAUMS","price":14.99}}, 
 {"customers":{"address1":"7879327493 Dell Way","email":"VKLACIUEHQ@dell.com"},"products":{"title":"ALADDIN MAGNOLIA","price":9.99}}, 
 {"customers":{"address1":"6802742510 Dell Way","email":"OEWMDWDXUZ@dell.com"},"products":{"title":"ALADDIN SUSPECTS","price":23.99}}, 
 {"customers":{"address1":"6802742510 Dell Way","email":"OEWMDWDXUZ@dell.com"},"products":{"title":"ACE SADDLE","price":29.99}}, 
 {"customers":{"address1":"6802742510 Dell Way","email":"OEWMDWDXUZ@dell.com"},"products":{"title":"ALABAMA REIGN","price":27.99}}, 
 {"customers":{"address1":"6802742510 Dell Way","email":"OEWMDWDXUZ@dell.com"},"products":{"title":"ACE BUBBLE","price":17.99}}, 
 {"customers":{"address1":"6802742510 Dell Way","email":"OEWMDWDXUZ@dell.com"},"products":{"title":"AGENT ORIENT","price":15.99}}, 
 {"customers":{"address1":"6802742510 Dell Way","email":"OEWMDWDXUZ@dell.com"},"products":{"title":"ACE DINOSAUR","price":18.99}}, 
 {"customers":{"address1":"6802742510 Dell Way","email":"OEWMDWDXUZ@dell.com"},"products":{"title":"ADAPTATION INSECTS","price":27.99}}, 
 {"customers":{"address1":"6802742510 Dell Way","email":"OEWMDWDXUZ@dell.com"},"products":{"title":"AIRPORT ROCKETEER","price":20.99}}, 
 {"customers":{"address1":"2357001327 Dell Way","email":"BQUXSGNXCM@dell.com"},"products":{"title":"ACADEMY VIRGINIAN","price":9.99}}, 
 {"customers":{"address1":"2357001327 Dell Way","email":"BQUXSGNXCM@dell.com"},"products":{"title":"AFRICAN PUNK","price":28.99}}, 
 {"customers":{"address1":"2357001327 Dell Way","email":"BQUXSGNXCM@dell.com"},"products":{"title":"ACADEMY MOONWALKER","price":18.99}}, 
 {"customers":{"address1":"2357001327 Dell Way","email":"BQUXSGNXCM@dell.com"},"products":{"title":"ACE BADMAN","price":12.99}}, 
 {"customers":{"address1":"8316616549 Dell Way","email":"CJMSFPHMZQ@dell.com"},"products":{"title":"AGENT HEAVYWEIGHTS","price":23.99}}, 
 {"customers":{"address1":"5539448576 Dell Way","email":"XLQBXUTEEL@dell.com"},"products":{"title":"ACADEMY VALENTINE","price":14.99}}, 
 {"customers":{"address1":"5539448576 Dell Way","email":"XLQBXUTEEL@dell.com"},"products":{"title":"ADAPTATION TENENBAUMS","price":14.99}}, 
 {"customers":{"address1":"5539448576 Dell Way","email":"XLQBXUTEEL@dell.com"},"products":{"title":"AIRPLANE POTTER","price":12.99}}, 
 {"customers":{"address1":"5539448576 Dell Way","email":"XLQBXUTEEL@dell.com"},"products":{"title":"ACADEMY WALLS","price":13.99}}, 
 {"customers":{"address1":"5539448576 Dell Way","email":"XLQBXUTEEL@dell.com"},"products":{"title":"ADAPTATION JUGGLER","price":28.99}}, 
 {"customers":{"address1":"4240826425 Dell Way","email":"PBAMMUUIRK@dell.com"},"products":{"title":"ALADDIN MARS","price":11.99}}, 
 {"customers":{"address1":"5539448576 Dell Way","email":"XLQBXUTEEL@dell.com"},"products":{"title":"ALADDIN SHREK","price":24.99}}, 
 {"customers":{"address1":"5539448576 Dell Way","email":"XLQBXUTEEL@dell.com"},"products":{"title":"AFRICAN CAMPUS","price":18.99}}, 
 {"customers":{"address1":"5539448576 Dell Way","email":"XLQBXUTEEL@dell.com"},"products":{"title":"ACADEMY JUMPING","price":25.99}}, 
 {"customers":{"address1":"5539448576 Dell Way","email":"XLQBXUTEEL@dell.com"},"products":{"title":"AFFAIR GONE","price":27.99}}, 
 {"customers":{"address1":"5539448576 Dell Way","email":"XLQBXUTEEL@dell.com"},"products":{"title":"AGENT REDEMPTION","price":26.99}}, 
 {"customers":{"address1":"4192697055 Dell Way","email":"AWUQWFTIIH@dell.com"},"products":{"title":"AFRICAN MAIDEN","price":27.99}}, 
 {"customers":{"address1":"4192697055 Dell Way","email":"AWUQWFTIIH@dell.com"},"products":{"title":"ACE EVERYONE","price":19.99}}, 
 {"customers":{"address1":"4192697055 Dell Way","email":"AWUQWFTIIH@dell.com"},"products":{"title":"AFRICAN BUTTERFLY","price":14.99}}, 
 {"customers":{"address1":"4192697055 Dell Way","email":"AWUQWFTIIH@dell.com"},"products":{"title":"ALABAMA HONEY","price":10.99}}, 
 {"customers":{"address1":"4192697055 Dell Way","email":"AWUQWFTIIH@dell.com"},"products":{"title":"AFRICAN PITTSBURGH","price":23.99}}, 
 {"customers":{"address1":"4192697055 Dell Way","email":"AWUQWFTIIH@dell.com"},"products":{"title":"AFRICAN BOWFINGER","price":20.99}}, 
 {"customers":{"address1":"4192697055 Dell Way","email":"AWUQWFTIIH@dell.com"},"products":{"title":"ACADEMY BLINDNESS","price":20.99}}, 
 {"customers":{"address1":"4192697055 Dell Way","email":"AWUQWFTIIH@dell.com"},"products":{"title":"AGENT NAME","price":26.99}}, 
 {"customers":{"address1":"2028729085 Dell Way","email":"HBFTHMATLT@dell.com"},"products":{"title":"AIRPORT SWEET","price":24.99}}, 
 {"customers":{"address1":"2028729085 Dell Way","email":"HBFTHMATLT@dell.com"},"products":{"title":"ALABAMA RUSH","price":13.99}}, 
 {"customers":{"address1":"2028729085 Dell Way","email":"HBFTHMATLT@dell.com"},"products":{"title":"AFRICAN SADDLE","price":12.99}}, 
 {"customers":{"address1":"2028729085 Dell Way","email":"HBFTHMATLT@dell.com"},"products":{"title":"AIRPLANE ALONE","price":24.99}}, 
 {"customers":{"address1":"2028729085 Dell Way","email":"HBFTHMATLT@dell.com"},"products":{"title":"ACE ODDS","price":25.99}}, 
 {"customers":{"address1":"2028729085 Dell Way","email":"HBFTHMATLT@dell.com"},"products":{"title":"ALABAMA GROSSE","price":22.99}}, 
 {"customers":{"address1":"2028729085 Dell Way","email":"HBFTHMATLT@dell.com"},"products":{"title":"ALADDIN BORN","price":12.99}}, 
 {"customers":{"address1":"2028729085 Dell Way","email":"HBFTHMATLT@dell.com"},"products":{"title":"ACADEMY KILLER","price":21.99}}, 
 {"customers":{"address1":"6857110074 Dell Way","email":"AGMPETVQPM@dell.com"},"products":{"title":"AIRPLANE KRAMER","price":20.99}}, 
 {"customers":{"address1":"6857110074 Dell Way","email":"AGMPETVQPM@dell.com"},"products":{"title":"ACADEMY MAGNOLIA","price":17.99}}, 
 {"customers":{"address1":"6857110074 Dell Way","email":"AGMPETVQPM@dell.com"},"products":{"title":"ALABAMA DRACULA","price":23.99}}, 
 {"customers":{"address1":"6857110074 Dell Way","email":"AGMPETVQPM@dell.com"},"products":{"title":"ACE YENTL","price":15.99}}, 
 {"customers":{"address1":"6857110074 Dell Way","email":"AGMPETVQPM@dell.com"},"products":{"title":"ALABAMA DOORS","price":16.99}}, 
 {"customers":{"address1":"6857110074 Dell Way","email":"AGMPETVQPM@dell.com"},"products":{"title":"ALADDIN TURN","price":22.99}}, 
 {"customers":{"address1":"6857110074 Dell Way","email":"AGMPETVQPM@dell.com"},"products":{"title":"AIRPORT CASSIDY","price":11.99}}, 
 {"customers":{"address1":"6857110074 Dell Way","email":"AGMPETVQPM@dell.com"},"products":{"title":"AIRPLANE NOTTING","price":22.99}}, 
 {"customers":{"address1":"9611847558 Dell Way","email":"EFPLAVDHOW@dell.com"},"products":{"title":"ACADEMY CRANES","price":22.99}}, 
 {"customers":{"address1":"9611847558 Dell Way","email":"EFPLAVDHOW@dell.com"},"products":{"title":"AGENT BOULEVARD","price":10.99}}, 
 {"customers":{"address1":"9611847558 Dell Way","email":"EFPLAVDHOW@dell.com"},"products":{"title":"ADAPTATION MUSSOLINI","price":12.99}}, 
 {"customers":{"address1":"9611847558 Dell Way","email":"EFPLAVDHOW@dell.com"},"products":{"title":"AFRICAN MAIDEN","price":27.99}}, 
 {"customers":{"address1":"9743191382 Dell Way","email":"RMEVXCQGQF@dell.com"},"products":{"title":"AGENT MILE","price":21.99}}, 
 {"customers":{"address1":"9743191382 Dell Way","email":"RMEVXCQGQF@dell.com"},"products":{"title":"AIRPORT BLADE","price":14.99}}, 
 {"customers":{"address1":"9743191382 Dell Way","email":"RMEVXCQGQF@dell.com"},"products":{"title":"ALABAMA CONTROL","price":29.99}}, 
 {"customers":{"address1":"9743191382 Dell Way","email":"RMEVXCQGQF@dell.com"},"products":{"title":"ALADDIN CAMPUS","price":17.99}}, 
 {"customers":{"address1":"9743191382 Dell Way","email":"RMEVXCQGQF@dell.com"},"products":{"title":"AIRPORT PET","price":18.99}}, 
 {"customers":{"address1":"9388242459 Dell Way","email":"ULZGJNPUED@dell.com"},"products":{"title":"AFRICAN WALLS","price":29.99}}, 
 {"customers":{"address1":"9388242459 Dell Way","email":"ULZGJNPUED@dell.com"},"products":{"title":"ALABAMA PRIMARY","price":19.99}}, 
 {"customers":{"address1":"9388242459 Dell Way","email":"ULZGJNPUED@dell.com"},"products":{"title":"AGENT ROSES","price":11.99}}, 
 {"customers":{"address1":"9388242459 Dell Way","email":"ULZGJNPUED@dell.com"},"products":{"title":"AFFAIR AIRPORT","price":12.99}}, 
 {"customers":{"address1":"9388242459 Dell Way","email":"ULZGJNPUED@dell.com"},"products":{"title":"AGENT HORROR","price":28.99}}, 
 {"customers":{"address1":"9388242459 Dell Way","email":"ULZGJNPUED@dell.com"},"products":{"title":"AFFAIR NOON","price":9.99}}, 
 {"customers":{"address1":"9565188320 Dell Way","email":"DKBVKXMOSF@dell.com"},"products":{"title":"ALABAMA SUNRISE","price":11.99}}, 
 {"customers":{"address1":"9565188320 Dell Way","email":"DKBVKXMOSF@dell.com"},"products":{"title":"AIRPORT JUGGLER","price":11.99}}, 
 {"customers":{"address1":"9565188320 Dell Way","email":"DKBVKXMOSF@dell.com"},"products":{"title":"AIRPLANE ENEMY","price":21.99}}, 
 {"customers":{"address1":"9565188320 Dell Way","email":"DKBVKXMOSF@dell.com"},"products":{"title":"AIRPORT CATCH","price":23.99}}, 
 {"customers":{"address1":"9565188320 Dell Way","email":"DKBVKXMOSF@dell.com"},"products":{"title":"ADAPTATION BANGER","price":11.99}}, 
 {"customers":{"address1":"9565188320 Dell Way","email":"DKBVKXMOSF@dell.com"},"products":{"title":"AFRICAN NEIGHBORS","price":27.99}}, 
 {"customers":{"address1":"7935540073 Dell Way","email":"NJECDQWPGN@dell.com"},"products":{"title":"ALABAMA NATURAL","price":11.99}}, 
 {"customers":{"address1":"5784572414 Dell Way","email":"UCUVECVETS@dell.com"},"products":{"title":"AIRPLANE ORDER","price":28.99}}, 
 {"customers":{"address1":"5784572414 Dell Way","email":"UCUVECVETS@dell.com"},"products":{"title":"AGENT BOWFINGER","price":21.99}}, 
 {"customers":{"address1":"6048828596 Dell Way","email":"NXGLEPTFPS@dell.com"},"products":{"title":"ALABAMA GRAFFITI","price":10.99}}, 
 {"customers":{"address1":"6048828596 Dell Way","email":"NXGLEPTFPS@dell.com"},"products":{"title":"AFRICAN JEOPARDY","price":26.99}}, 
 {"customers":{"address1":"6048828596 Dell Way","email":"NXGLEPTFPS@dell.com"},"products":{"title":"AFFAIR PEAK","price":10.99}}, 
 {"customers":{"address1":"6048828596 Dell Way","email":"NXGLEPTFPS@dell.com"},"products":{"title":"ALABAMA TRUMAN","price":14.99}}, 
 {"customers":{"address1":"6048828596 Dell Way","email":"NXGLEPTFPS@dell.com"},"products":{"title":"AFRICAN MAIDEN","price":27.99}}, 
 {"customers":{"address1":"6048828596 Dell Way","email":"NXGLEPTFPS@dell.com"},"products":{"title":"ACADEMY VISION","price":28.99}}, 
 {"customers":{"address1":"5170334916 Dell Way","email":"PZJXZFZESI@dell.com"},"products":{"title":"AIRPLANE VELVET","price":22.99}}, 
 {"customers":{"address1":"5170334916 Dell Way","email":"PZJXZFZESI@dell.com"},"products":{"title":"ACE TORQUE","price":28.99}}, 
 {"customers":{"address1":"5900028529 Dell Way","email":"AIVMQXXYAT@dell.com"},"products":{"title":"ACADEMY SHREK","price":10.99}}, 
 {"customers":{"address1":"5900028529 Dell Way","email":"AIVMQXXYAT@dell.com"},"products":{"title":"AFFAIR SUPERFLY","price":25.99}}, 
 {"customers":{"address1":"7406722717 Dell Way","email":"KPODYWNIOF@dell.com"},"products":{"title":"ACADEMY HIGH","price":10.99}}, 
 {"customers":{"address1":"7406722717 Dell Way","email":"KPODYWNIOF@dell.com"},"products":{"title":"AFFAIR FIREBALL","price":15.99}}, 
 {"customers":{"address1":"7406722717 Dell Way","email":"KPODYWNIOF@dell.com"},"products":{"title":"AGENT LONELY","price":16.99}}, 
 {"customers":{"address1":"7406722717 Dell Way","email":"KPODYWNIOF@dell.com"},"products":{"title":"AIRPORT THIN","price":20.99}}, 
 {"customers":{"address1":"7406722717 Dell Way","email":"KPODYWNIOF@dell.com"},"products":{"title":"AFFAIR TOWERS","price":15.99}}, 
 {"customers":{"address1":"7406722717 Dell Way","email":"KPODYWNIOF@dell.com"},"products":{"title":"AIRPLANE BOOGIE","price":25.99}}, 
 {"customers":{"address1":"7406722717 Dell Way","email":"KPODYWNIOF@dell.com"},"products":{"title":"ACADEMY ENCINO","price":12.99}}, 
 {"customers":{"address1":"7406722717 Dell Way","email":"KPODYWNIOF@dell.com"},"products":{"title":"ALADDIN ICE","price":26.99}}, 
 {"customers":{"address1":"7406722717 Dell Way","email":"KPODYWNIOF@dell.com"},"products":{"title":"ACE CENTER","price":12.99}}, 
 {"customers":{"address1":"2910937771 Dell Way","email":"PNCILFXHYQ@dell.com"},"products":{"title":"ADAPTATION MUMMY","price":12.99}}, 
 {"customers":{"address1":"2910937771 Dell Way","email":"PNCILFXHYQ@dell.com"},"products":{"title":"ALABAMA PICKUP","price":12.99}}, 
 {"customers":{"address1":"2910937771 Dell Way","email":"PNCILFXHYQ@dell.com"},"products":{"title":"AGENT OUTFIELD","price":19.99}}, 
 {"customers":{"address1":"2910937771 Dell Way","email":"PNCILFXHYQ@dell.com"},"products":{"title":"ALADDIN FELLOWSHIP","price":27.99}}, 
 {"customers":{"address1":"2910937771 Dell Way","email":"PNCILFXHYQ@dell.com"},"products":{"title":"ALABAMA RACER","price":28.99}}, 
 {"customers":{"address1":"4240826425 Dell Way","email":"PBAMMUUIRK@dell.com"},"products":{"title":"AIRPLANE UPTOWN","price":19.99}}, 
 {"customers":{"address1":"4240826425 Dell Way","email":"PBAMMUUIRK@dell.com"},"products":{"title":"ADAPTATION WISDOM","price":22.99}}, 
 {"customers":{"address1":"4240826425 Dell Way","email":"PBAMMUUIRK@dell.com"},"products":{"title":"AFFAIR ODDS","price":28.99}}, 
 {"customers":{"address1":"5783164355 Dell Way","email":"CXOVMNTOBN@dell.com"},"products":{"title":"ADAPTATION WORKING","price":15.99}}, 
 {"customers":{"address1":"5783164355 Dell Way","email":"CXOVMNTOBN@dell.com"},"products":{"title":"AIRPORT INTENTIONS","price":27.99}}, 
 {"customers":{"address1":"5783164355 Dell Way","email":"CXOVMNTOBN@dell.com"},"products":{"title":"AFRICAN ALI","price":11.99}}, 
 {"customers":{"address1":"5783164355 Dell Way","email":"CXOVMNTOBN@dell.com"},"products":{"title":"ALABAMA ENOUGH","price":18.99}}, 
 {"customers":{"address1":"5783164355 Dell Way","email":"CXOVMNTOBN@dell.com"},"products":{"title":"AIRPLANE CASUALTIES","price":22.99}}, 
 {"customers":{"address1":"5783164355 Dell Way","email":"CXOVMNTOBN@dell.com"},"products":{"title":"ACE DUMBO","price":19.99}}, 
 {"customers":{"address1":"5783164355 Dell Way","email":"CXOVMNTOBN@dell.com"},"products":{"title":"ALADDIN SASSY","price":19.99}}, 
 {"customers":{"address1":"5783164355 Dell Way","email":"CXOVMNTOBN@dell.com"},"products":{"title":"ALABAMA HUNTING","price":22.99}}, 
 {"customers":{"address1":"5783164355 Dell Way","email":"CXOVMNTOBN@dell.com"},"products":{"title":"ADAPTATION DIARY","price":17.99}}, 
 {"customers":{"address1":"5473219555 Dell Way","email":"RRCTTIYSPH@dell.com"},"products":{"title":"AIRPORT STRANGELOVE","price":24.99}}, 
 {"customers":{"address1":"7879327493 Dell Way","email":"VKLACIUEHQ@dell.com"},"products":{"title":"AIRPORT CALENDAR","price":17.99}}, 
 {"customers":{"address1":"7879327493 Dell Way","email":"VKLACIUEHQ@dell.com"},"products":{"title":"ADAPTATION TRADING","price":11.99}}, 
 {"customers":{"address1":"7879327493 Dell Way","email":"VKLACIUEHQ@dell.com"},"products":{"title":"AFFAIR MONEY","price":28.99}}, 
 {"customers":{"address1":"7879327493 Dell Way","email":"VKLACIUEHQ@dell.com"},"products":{"title":"AFRICAN SADDLE","price":12.99}}, 
 {"customers":{"address1":"7879327493 Dell Way","email":"VKLACIUEHQ@dell.com"},"products":{"title":"AIRPLANE ARGONAUTS","price":9.99}}, 
 {"customers":{"address1":"7879327493 Dell Way","email":"VKLACIUEHQ@dell.com"},"products":{"title":"AFRICAN LESSON","price":11.99}}, 
 {"customers":{"address1":"7879327493 Dell Way","email":"VKLACIUEHQ@dell.com"},"products":{"title":"ACADEMY BULWORTH","price":28.99}}, 
 {"customers":{"address1":"7879327493 Dell Way","email":"VKLACIUEHQ@dell.com"},"products":{"title":"AIRPLANE RAINBOW","price":25.99}}, 
 {"customers":{"address1":"7857618733 Dell Way","email":"YONESWESTE@dell.com"},"products":{"title":"AFRICAN ARMY","price":21.99}}, 
 {"customers":{"address1":"7857618733 Dell Way","email":"YONESWESTE@dell.com"},"products":{"title":"ALADDIN FEVER","price":15.99}}, 
 {"customers":{"address1":"7857618733 Dell Way","email":"YONESWESTE@dell.com"},"products":{"title":"AFRICAN FREDDY","price":20.99}}, 
 {"customers":{"address1":"7857618733 Dell Way","email":"YONESWESTE@dell.com"},"products":{"title":"AIRPLANE WON","price":14.99}}, 
 {"customers":{"address1":"1574391649 Dell Way","email":"SMSKOAYJRA@dell.com"},"products":{"title":"AIRPORT ENTRAPMENT","price":16.99}}, 
 {"customers":{"address1":"1574391649 Dell Way","email":"SMSKOAYJRA@dell.com"},"products":{"title":"ALABAMA SPIRITED","price":20.99}}, 
 {"customers":{"address1":"1574391649 Dell Way","email":"SMSKOAYJRA@dell.com"},"products":{"title":"AGENT KRAMER","price":10.99}}, 
 {"customers":{"address1":"1574391649 Dell Way","email":"SMSKOAYJRA@dell.com"},"products":{"title":"ALABAMA MASSACRE","price":10.99}}, 
 {"customers":{"address1":"1574391649 Dell Way","email":"SMSKOAYJRA@dell.com"},"products":{"title":"AIRPORT FROST","price":21.99}}, 
 {"customers":{"address1":"1574391649 Dell Way","email":"SMSKOAYJRA@dell.com"},"products":{"title":"AFRICAN ADAPTATION","price":11.99}}, 
 {"customers":{"address1":"1574391649 Dell Way","email":"SMSKOAYJRA@dell.com"},"products":{"title":"AIRPORT LIGHTS","price":12.99}}, 
 {"customers":{"address1":"1574391649 Dell Way","email":"SMSKOAYJRA@dell.com"},"products":{"title":"AIRPLANE FUGITIVE","price":25.99}}, 
 {"customers":{"address1":"5374770653 Dell Way","email":"DNPQYCIYWU@dell.com"},"products":{"title":"ALADDIN FRANKENSTEIN","price":26.99}}, 
 {"customers":{"address1":"5374770653 Dell Way","email":"DNPQYCIYWU@dell.com"},"products":{"title":"AIRPLANE RUGRATS","price":17.99}}, 
 {"customers":{"address1":"5374770653 Dell Way","email":"DNPQYCIYWU@dell.com"},"products":{"title":"AFRICAN DELIVERANCE","price":19.99}}, 
 {"customers":{"address1":"5374770653 Dell Way","email":"DNPQYCIYWU@dell.com"},"products":{"title":"AIRPLANE HALL","price":17.99}}, 
 {"customers":{"address1":"5374770653 Dell Way","email":"DNPQYCIYWU@dell.com"},"products":{"title":"ACADEMY PERDITION","price":27.99}}, 
 {"customers":{"address1":"5539448576 Dell Way","email":"XLQBXUTEEL@dell.com"},"products":{"title":"AFRICAN PIZZA","price":21.99}}, 
 {"customers":{"address1":"5539448576 Dell Way","email":"XLQBXUTEEL@dell.com"},"products":{"title":"AIRPLANE CLERKS","price":22.99}}, 
 {"customers":{"address1":"5539448576 Dell Way","email":"XLQBXUTEEL@dell.com"},"products":{"title":"AGENT RESURRECTION","price":11.99}}, 
 {"customers":{"address1":"5539448576 Dell Way","email":"XLQBXUTEEL@dell.com"},"products":{"title":"ALABAMA UPRISING","price":16.99}}, 
 {"customers":{"address1":"5539448576 Dell Way","email":"XLQBXUTEEL@dell.com"},"products":{"title":"AIRPLANE TRIP","price":10.99}}, 
 {"customers":{"address1":"5539448576 Dell Way","email":"XLQBXUTEEL@dell.com"},"products":{"title":"ALADDIN BORN","price":12.99}}, 
 {"customers":{"address1":"5539448576 Dell Way","email":"XLQBXUTEEL@dell.com"},"products":{"title":"ALADDIN PIZZA","price":26.99}}, 
 {"customers":{"address1":"5539448576 Dell Way","email":"XLQBXUTEEL@dell.com"},"products":{"title":"ALABAMA SUNSET","price":11.99}}, 
 {"customers":{"address1":"7089120248 Dell Way","email":"PQWWRDUOSV@dell.com"},"products":{"title":"ALADDIN PAJAMA","price":16.99}}, 
 {"customers":{"address1":"7089120248 Dell Way","email":"PQWWRDUOSV@dell.com"},"products":{"title":"ACADEMY RIGHT","price":22.99}}, 
 {"customers":{"address1":"7089120248 Dell Way","email":"PQWWRDUOSV@dell.com"},"products":{"title":"AIRPORT STAMPEDE","price":13.99}}, 
 {"customers":{"address1":"7089120248 Dell Way","email":"PQWWRDUOSV@dell.com"},"products":{"title":"AGENT BULL","price":22.99}}, 
 {"customers":{"address1":"7089120248 Dell Way","email":"PQWWRDUOSV@dell.com"},"products":{"title":"AIRPORT BILKO","price":22.99}}, 
 {"customers":{"address1":"7089120248 Dell Way","email":"PQWWRDUOSV@dell.com"},"products":{"title":"AIRPLANE SWEETHEARTS","price":17.99}}, 
 {"customers":{"address1":"8469544494 Dell Way","email":"BABJDSEGVI@dell.com"},"products":{"title":"ADAPTATION ILLUSION","price":27.99}}, 
 {"customers":{"address1":"8469544494 Dell Way","email":"BABJDSEGVI@dell.com"},"products":{"title":"ADAPTATION DELIVERANCE","price":13.99}}, 
 {"customers":{"address1":"8469544494 Dell Way","email":"BABJDSEGVI@dell.com"},"products":{"title":"ADAPTATION MISSION","price":20.99}}, 
 {"customers":{"address1":"8469544494 Dell Way","email":"BABJDSEGVI@dell.com"},"products":{"title":"AFRICAN SHAWSHANK","price":15.99}}, 
 {"customers":{"address1":"8469544494 Dell Way","email":"BABJDSEGVI@dell.com"},"products":{"title":"AGENT MONTEREY","price":19.99}}, 
 {"customers":{"address1":"8469544494 Dell Way","email":"BABJDSEGVI@dell.com"},"products":{"title":"ACADEMY ARGONAUTS","price":13.99}}, 
 {"customers":{"address1":"8469544494 Dell Way","email":"BABJDSEGVI@dell.com"},"products":{"title":"AFFAIR DOLLS","price":11.99}}, 
 {"customers":{"address1":"5374770653 Dell Way","email":"DNPQYCIYWU@dell.com"},"products":{"title":"ALADDIN DIRTY","price":14.99}}, 
 {"customers":{"address1":"5374770653 Dell Way","email":"DNPQYCIYWU@dell.com"},"products":{"title":"ALADDIN CLEOPATRA","price":9.99}}, 
 {"customers":{"address1":"3432775277 Dell Way","email":"WLSJTMFRBI@dell.com"},"products":{"title":"ALADDIN ENCOUNTERS","price":16.99}}, 
 {"customers":{"address1":"2736524439 Dell Way","email":"WOWQKNLTLE@dell.com"},"products":{"title":"AGENT DUMBO","price":25.99}}, 
 {"customers":{"address1":"2736524439 Dell Way","email":"WOWQKNLTLE@dell.com"},"products":{"title":"AFRICAN DIARY","price":22.99}}, 
 {"customers":{"address1":"2736524439 Dell Way","email":"WOWQKNLTLE@dell.com"},"products":{"title":"AFFAIR BROTHERHOOD","price":28.99}}, 
 {"customers":{"address1":"2736524439 Dell Way","email":"WOWQKNLTLE@dell.com"},"products":{"title":"ACADEMY JAWBREAKER","price":13.99}}, 
 {"customers":{"address1":"2736524439 Dell Way","email":"WOWQKNLTLE@dell.com"},"products":{"title":"AGENT ARMY","price":28.99}}, 
 {"customers":{"address1":"2736524439 Dell Way","email":"WOWQKNLTLE@dell.com"},"products":{"title":"ALABAMA GORGEOUS","price":27.99}}, 
 {"customers":{"address1":"2745224411 Dell Way","email":"XCOGMVLEGJ@dell.com"},"products":{"title":"AIRPLANE VANILLA","price":27.99}}, 
 {"customers":{"address1":"2745224411 Dell Way","email":"XCOGMVLEGJ@dell.com"},"products":{"title":"AIRPLANE CINCINATTI","price":21.99}}, 
 {"customers":{"address1":"2745224411 Dell Way","email":"XCOGMVLEGJ@dell.com"},"products":{"title":"ADAPTATION BROOKLYN","price":29.99}}, 
 {"customers":{"address1":"2745224411 Dell Way","email":"XCOGMVLEGJ@dell.com"},"products":{"title":"ACE UNITED","price":12.99}}, 
 {"customers":{"address1":"2745224411 Dell Way","email":"XCOGMVLEGJ@dell.com"},"products":{"title":"AIRPLANE INFORMER","price":26.99}}, 
 {"customers":{"address1":"2745224411 Dell Way","email":"XCOGMVLEGJ@dell.com"},"products":{"title":"ACE BILKO","price":21.99}}, 
 {"customers":{"address1":"2745224411 Dell Way","email":"XCOGMVLEGJ@dell.com"},"products":{"title":"ADAPTATION HAMLET","price":19.99}}, 
 {"customers":{"address1":"2745224411 Dell Way","email":"XCOGMVLEGJ@dell.com"},"products":{"title":"ALADDIN MENAGERIE","price":17.99}}, 
 {"customers":{"address1":"2745224411 Dell Way","email":"XCOGMVLEGJ@dell.com"},"products":{"title":"AIRPLANE FOREVER","price":28.99}}, 
 {"customers":{"address1":"9684702382 Dell Way","email":"COTLJUTAPZ@dell.com"},"products":{"title":"ALABAMA WORDS","price":19.99}}, 
 {"customers":{"address1":"9684702382 Dell Way","email":"COTLJUTAPZ@dell.com"},"products":{"title":"AIRPLANE CHICAGO","price":28.99}}, 
 {"customers":{"address1":"9985353642 Dell Way","email":"UKRLMRNJUK@dell.com"},"products":{"title":"ACE TRUMAN","price":25.99}}, 
 {"customers":{"address1":"9985353642 Dell Way","email":"UKRLMRNJUK@dell.com"},"products":{"title":"ALABAMA REUNION","price":24.99}}, 
 {"customers":{"address1":"9985353642 Dell Way","email":"UKRLMRNJUK@dell.com"},"products":{"title":"AGENT DEER","price":24.99}}, 
 {"customers":{"address1":"9985353642 Dell Way","email":"UKRLMRNJUK@dell.com"},"products":{"title":"AFRICAN CONGENIALITY","price":13.99}}, 
 {"customers":{"address1":"9985353642 Dell Way","email":"UKRLMRNJUK@dell.com"},"products":{"title":"AIRPLANE STING","price":26.99}}, 
 {"customers":{"address1":"9985353642 Dell Way","email":"UKRLMRNJUK@dell.com"},"products":{"title":"ALADDIN CHOCOLATE","price":12.99}}, 
 {"customers":{"address1":"2587724351 Dell Way","email":"RLIIWMNKBU@dell.com"},"products":{"title":"AFRICAN JERK","price":14.99}}, 
 {"customers":{"address1":"2587724351 Dell Way","email":"RLIIWMNKBU@dell.com"},"products":{"title":"ACE BENEATH","price":16.99}}, 
 {"customers":{"address1":"2587724351 Dell Way","email":"RLIIWMNKBU@dell.com"},"products":{"title":"AFRICAN SUICIDES","price":20.99}}, 
 {"customers":{"address1":"2587724351 Dell Way","email":"RLIIWMNKBU@dell.com"},"products":{"title":"ACE TOWN","price":9.99}}, 
 {"customers":{"address1":"2587724351 Dell Way","email":"RLIIWMNKBU@dell.com"},"products":{"title":"ACADEMY REDS","price":27.99}}, 
 {"customers":{"address1":"6979256619 Dell Way","email":"ENVQWJDOXE@dell.com"},"products":{"title":"ALABAMA THIEF","price":13.99}}, 
 {"customers":{"address1":"6979256619 Dell Way","email":"ENVQWJDOXE@dell.com"},"products":{"title":"ALABAMA CAPER","price":10.99}}, 
 {"customers":{"address1":"6979256619 Dell Way","email":"ENVQWJDOXE@dell.com"},"products":{"title":"AIRPORT SUNRISE","price":9.99}}, 
 {"customers":{"address1":"6979256619 Dell Way","email":"ENVQWJDOXE@dell.com"},"products":{"title":"ALADDIN DOUBLE","price":9.99}}, 
 {"customers":{"address1":"6979256619 Dell Way","email":"ENVQWJDOXE@dell.com"},"products":{"title":"ACADEMY LABYRINTH","price":9.99}}, 
 {"customers":{"address1":"6979256619 Dell Way","email":"ENVQWJDOXE@dell.com"},"products":{"title":"ACE DOZEN","price":19.99}}, 
 {"customers":{"address1":"9611847558 Dell Way","email":"EFPLAVDHOW@dell.com"},"products":{"title":"ADAPTATION TIGHTS","price":24.99}}, 
 {"customers":{"address1":"9611847558 Dell Way","email":"EFPLAVDHOW@dell.com"},"products":{"title":"ALABAMA ROOTS","price":23.99}}, 
 {"customers":{"address1":"9611847558 Dell Way","email":"EFPLAVDHOW@dell.com"},"products":{"title":"ALABAMA SLEEPLESS","price":21.99}}, 
 {"customers":{"address1":"8169218833 Dell Way","email":"HGTYWOUMUM@dell.com"},"products":{"title":"ALABAMA BREAKING","price":25.99}}, 
 {"customers":{"address1":"8169218833 Dell Way","email":"HGTYWOUMUM@dell.com"},"products":{"title":"AFRICAN ZOOLANDER","price":13.99}}, 
 {"customers":{"address1":"8169218833 Dell Way","email":"HGTYWOUMUM@dell.com"},"products":{"title":"AGENT LIAISONS","price":18.99}}, 
 {"customers":{"address1":"8469544494 Dell Way","email":"BABJDSEGVI@dell.com"},"products":{"title":"AGENT ROMAN","price":23.99}}, 
 {"customers":{"address1":"8469544494 Dell Way","email":"BABJDSEGVI@dell.com"},"products":{"title":"ALADDIN PAJAMA","price":16.99}}, 
 {"customers":{"address1":"8469544494 Dell Way","email":"BABJDSEGVI@dell.com"},"products":{"title":"ACADEMY LOLITA","price":27.99}}, 
 {"customers":{"address1":"8469544494 Dell Way","email":"BABJDSEGVI@dell.com"},"products":{"title":"AFFAIR DRAGONFLY","price":19.99}}, 
 {"customers":{"address1":"8469544494 Dell Way","email":"BABJDSEGVI@dell.com"},"products":{"title":"AIRPORT ELEMENT","price":16.99}}, 
 {"customers":{"address1":"8469544494 Dell Way","email":"BABJDSEGVI@dell.com"},"products":{"title":"ACE TRAINSPOTTING","price":18.99}}, 
 {"customers":{"address1":"8469544494 Dell Way","email":"BABJDSEGVI@dell.com"},"products":{"title":"AIRPLANE BORROWERS","price":20.99}}, 
 {"customers":{"address1":"8469544494 Dell Way","email":"BABJDSEGVI@dell.com"},"products":{"title":"ACADEMY BIRDS","price":28.99}}, 
 {"customers":{"address1":"8469544494 Dell Way","email":"BABJDSEGVI@dell.com"},"products":{"title":"ALABAMA ALICE","price":9.99}}, 
 {"customers":{"address1":"8469544494 Dell Way","email":"BABJDSEGVI@dell.com"},"products":{"title":"AIRPLANE HAROLD","price":22.99}}, 
 {"customers":{"address1":"8469544494 Dell Way","email":"BABJDSEGVI@dell.com"},"products":{"title":"AGENT NEMO","price":13.99}}, 
 {"customers":{"address1":"8469544494 Dell Way","email":"BABJDSEGVI@dell.com"},"products":{"title":"AFRICAN JUMPING","price":14.99}}, 
 {"customers":{"address1":"8469544494 Dell Way","email":"BABJDSEGVI@dell.com"},"products":{"title":"ALABAMA GOODFELLAS","price":24.99}}, 
 {"customers":{"address1":"8469544494 Dell Way","email":"BABJDSEGVI@dell.com"},"products":{"title":"ALABAMA REAP","price":23.99}}, 
 {"customers":{"address1":"8469544494 Dell Way","email":"BABJDSEGVI@dell.com"},"products":{"title":"AIRPORT OCTOBER","price":22.99}}, 
 {"customers":{"address1":"4550212818 Dell Way","email":"RUNKKVHHWD@dell.com"},"products":{"title":"ACE MULHOLLAND","price":18.99}}, 
 {"customers":{"address1":"4550212818 Dell Way","email":"RUNKKVHHWD@dell.com"},"products":{"title":"AIRPORT KENTUCKIAN","price":20.99}}, 
 {"customers":{"address1":"4550212818 Dell Way","email":"RUNKKVHHWD@dell.com"},"products":{"title":"AGENT PRIMARY","price":25.99}}, 
 {"customers":{"address1":"4550212818 Dell Way","email":"RUNKKVHHWD@dell.com"},"products":{"title":"ACADEMY TWISTED","price":25.99}}, 
 {"customers":{"address1":"5473219555 Dell Way","email":"RRCTTIYSPH@dell.com"},"products":{"title":"AFFAIR MAKER","price":16.99}}, 
 {"customers":{"address1":"5473219555 Dell Way","email":"RRCTTIYSPH@dell.com"},"products":{"title":"AIRPORT SATURN","price":23.99}}, 
 {"customers":{"address1":"5473219555 Dell Way","email":"RRCTTIYSPH@dell.com"},"products":{"title":"ADAPTATION LORD","price":17.99}}, 
 {"customers":{"address1":"5473219555 Dell Way","email":"RRCTTIYSPH@dell.com"},"products":{"title":"ADAPTATION PRIDE","price":20.99}}, 
 {"customers":{"address1":"5473219555 Dell Way","email":"RRCTTIYSPH@dell.com"},"products":{"title":"ALADDIN PATIENT","price":13.99}}, 
 {"customers":{"address1":"9253665090 Dell Way","email":"NFCSRDNMRC@dell.com"},"products":{"title":"AIRPORT REMEMBER","price":14.99}}, 
 {"customers":{"address1":"9253665090 Dell Way","email":"NFCSRDNMRC@dell.com"},"products":{"title":"AGENT COMMANDMENTS","price":23.99}}, 
 {"customers":{"address1":"9253665090 Dell Way","email":"NFCSRDNMRC@dell.com"},"products":{"title":"ALADDIN FIGHT","price":10.99}}, 
 {"customers":{"address1":"9253665090 Dell Way","email":"NFCSRDNMRC@dell.com"},"products":{"title":"AFRICAN ARMAGEDDON","price":22.99}}, 
 {"customers":{"address1":"9253665090 Dell Way","email":"NFCSRDNMRC@dell.com"},"products":{"title":"ADAPTATION DIVIDE","price":23.99}}, 
 {"customers":{"address1":"9253665090 Dell Way","email":"NFCSRDNMRC@dell.com"},"products":{"title":"AIRPORT FRIDA","price":21.99}}, 
 {"customers":{"address1":"2910937771 Dell Way","email":"PNCILFXHYQ@dell.com"},"products":{"title":"ADAPTATION RUNNER","price":21.99}}, 
 {"customers":{"address1":"6581755749 Dell Way","email":"AROAKQJKIP@dell.com"},"products":{"title":"ALADDIN ROOTS","price":22.99}}, 
 {"customers":{"address1":"6581755749 Dell Way","email":"AROAKQJKIP@dell.com"},"products":{"title":"AGENT WAKE","price":12.99}}, 
 {"customers":{"address1":"6581755749 Dell Way","email":"AROAKQJKIP@dell.com"},"products":{"title":"ALABAMA BUTCH","price":14.99}}, 
 {"customers":{"address1":"6581755749 Dell Way","email":"AROAKQJKIP@dell.com"},"products":{"title":"AIRPORT BROOKLYN","price":27.99}}, 
 {"customers":{"address1":"6581755749 Dell Way","email":"AROAKQJKIP@dell.com"},"products":{"title":"ALABAMA ROSES","price":24.99}}, 
 {"customers":{"address1":"6452175286 Dell Way","email":"GBZGGFCUCL@dell.com"},"products":{"title":"AIRPORT HAROLD","price":27.99}}, 
 {"customers":{"address1":"6452175286 Dell Way","email":"GBZGGFCUCL@dell.com"},"products":{"title":"ACE CAMELOT","price":15.99}}, 
 {"customers":{"address1":"6452175286 Dell Way","email":"GBZGGFCUCL@dell.com"},"products":{"title":"AIRPORT SORORITY","price":16.99}}, 
 {"customers":{"address1":"6452175286 Dell Way","email":"GBZGGFCUCL@dell.com"},"products":{"title":"ADAPTATION INSTINCT","price":16.99}}, 
 {"customers":{"address1":"6452175286 Dell Way","email":"GBZGGFCUCL@dell.com"},"products":{"title":"ALADDIN BEHAVIOR","price":23.99}}, 
 {"customers":{"address1":"6452175286 Dell Way","email":"GBZGGFCUCL@dell.com"},"products":{"title":"ADAPTATION GREEDY","price":16.99}}, 
 {"customers":{"address1":"6452175286 Dell Way","email":"GBZGGFCUCL@dell.com"},"products":{"title":"AIRPLANE INSTINCT","price":16.99}}, 
 {"customers":{"address1":"6452175286 Dell Way","email":"GBZGGFCUCL@dell.com"},"products":{"title":"ACE GLADIATOR","price":22.99}}, 
 {"customers":{"address1":"6452175286 Dell Way","email":"GBZGGFCUCL@dell.com"},"products":{"title":"AFRICAN COLOR","price":15.99}}, 
 {"customers":{"address1":"9289990314 Dell Way","email":"YJIVIXOUDH@dell.com"},"products":{"title":"AIRPORT GRACELAND","price":12.99}}, 
 {"customers":{"address1":"9289990314 Dell Way","email":"YJIVIXOUDH@dell.com"},"products":{"title":"AFRICAN BEETHOVEN","price":19.99}}, 
 {"customers":{"address1":"9289990314 Dell Way","email":"YJIVIXOUDH@dell.com"},"products":{"title":"AIRPLANE FIGHT","price":20.99}}, 
 {"customers":{"address1":"9289990314 Dell Way","email":"YJIVIXOUDH@dell.com"},"products":{"title":"ADAPTATION EMPIRE","price":20.99}}, 
 {"customers":{"address1":"9289990314 Dell Way","email":"YJIVIXOUDH@dell.com"},"products":{"title":"AFFAIR TEEN","price":20.99}}, 
 {"customers":{"address1":"9289990314 Dell Way","email":"YJIVIXOUDH@dell.com"},"products":{"title":"ACE NUTS","price":29.99}}, 
 {"customers":{"address1":"9289990314 Dell Way","email":"YJIVIXOUDH@dell.com"},"products":{"title":"AIRPORT SLACKER","price":14.99}}] 
 </msg>
<msg timestamp="20220623 13:48:41.187" level="TRACE">Return: (['1574391649 Dell Way',
  '1574391649 Dell Way',
  '1574391649 Dell Way',
  '1687371996 Dell Way',
  '1687371996 Dell Way',
  '1687371996 Dell Way',
  '1687371996 Dell Way',
  '1687371996 Dell Way',
  '5473219555 Dell Way',
  '5473219555 Dell Way',
  '5473219555 Dell Way',
  '3979666543 Dell Way',
  '3979666543 Dell Way',
  '3979666543 Dell Way',
  '3979666543 Dell Way',
  '3979666543 Dell Way',
  '8852969286 Dell Way',
  '8852969286 Dell Way',
  '8852969286 Dell Way',
  '8852969286 Dell Way',
  '8852969286 Dell Way',
  '8852969286 Dell Way',
  '8852969286 Dell Way',
  '8852969286 Dell Way',
  '8852969286 Dell Way',
  '7187945799 Dell Way',
  '7187945799 Dell Way',
  '7187945799 Dell Way',
  '7187945799 Dell Way',
  '8695428889 Dell Way',
  '8695428889 Dell Way',
  '8695428889 Dell Way',
  '3304181674 Dell Way',
  '3304181674 Dell Way',
  '3304181674 Dell Way',
  '3304181674 Dell Way',
  '3304181674 Dell Way',
  '3304181674 Dell Way',
  '3304181674 Dell Way',
  '9128354326 Dell Way',
  '9128354326 Dell Way',
  '9128354326 Dell Way',
  '9128354326 Dell Way',
  '9128354326 Dell Way',
  '9128354326 Dell Way',
  '9128354326 Dell Way',
  '9128354326 Dell Way',
  '7313561665 Dell Way',
  '7313561665 Dell Way',
  '7313561665 Dell Way',
  '7313561665 Dell Way',
  '7313561665 Dell Way',
  '7313561665 Dell Way',
  '8686569946 Dell Way',
  '2772102123 Dell Way',
  '2772102123 Dell Way',
  '2772102123 Dell Way',
  '2772102123 Dell Way',
  '2772102123 Dell Way',
  '5900028529 Dell Way',
  '5900028529 Dell Way',
  '5900028529 Dell Way',
  '5900028529 Dell Way',
  '9091617857 Dell Way',
  '9091617857 Dell Way',
  '9091617857 Dell Way',
  '9091617857 Dell Way',
  '9091617857 Dell Way',
  '9091617857 Dell Way',
  '9091617857 Dell Way',
  '3601240928 Dell Way',
  '3601240928 Dell Way',
  '3601240928 Dell Way',
  '3601240928 Dell Way',
  '3601240928 Dell Way',
  '3601240928 Dell Way',
  '3601240928 Dell Way',
  '3601240928 Dell Way',
  '8169218833 Dell Way',
  '8169218833 Dell Way',
  '8169218833 Dell Way',
  '8169218833 Dell Way',
  '6404694063 Dell Way',
  '6404694063 Dell Way',
  '6404694063 Dell Way',
  '6404694063 Dell Way',
  '6404694063 Dell Way',
  '6404694063 Dell Way',
  '6404694063 Dell Way',
  '6404694063 Dell Way',
  '9345819061 Dell Way',
  '9345819061 Dell Way',
  '9345819061 Dell Way',
  '9345819061 Dell Way',
  '8071631515 Dell Way',
  '8071631515 Dell Way',
  '8071631515 Dell Way',
  '8071631515 Dell Way',
  '8071631515 Dell Way',
  '8071631515 Dell Way',
  '8071631515 Dell Way',
  '8071631515 Dell Way',
  '2251193445 Dell Way',
  '2251193445 Dell Way',
  '2251193445 Dell Way',
  '2251193445 Dell Way',
  '2251193445 Dell Way',
  '2251193445 Dell Way',
  '2251193445 Dell Way',
  '2251193445 Dell Way',
  '6857110074 Dell Way',
  '6857110074 Dell Way',
  '6857110074 Dell Way',
  '6857110074 Dell Way',
  '6857110074 Dell Way',
  '6857110074 Dell Way',
  '6857110074 Dell Way',
  '6857110074 Dell Way',
  '7313561665 Dell Way',
  '3283209544 Dell Way',
  '3283209544 Dell Way',
  '3283209544 Dell Way',
  '3283209544 Dell Way',
  '3283209544 Dell Way',
  '8530963732 Dell Way',
  '8530963732 Dell Way',
  '8530963732 Dell Way',
  '8530963732 Dell Way',
  '8530963732 Dell Way',
  '4689873979 Dell Way',
  '4689873979 Dell Way',
  '4689873979 Dell Way',
  '4689873979 Dell Way',
  '4689873979 Dell Way',
  '4689873979 Dell Way',
  '4689873979 Dell Way',
  '8085221296 Dell Way',
  '7879327493 Dell Way',
  '7879327493 Dell Way',
  '7879327493 Dell Way',
  '7879327493 Dell Way',
  '7879327493 Dell Way',
  '7879327493 Dell Way',
  '6802742510 Dell Way',
  '6802742510 Dell Way',
  '6802742510 Dell Way',
  '6802742510 Dell Way',
  '6802742510 Dell Way',
  '6802742510 Dell Way',
  '6802742510 Dell Way',
  '6802742510 Dell Way',
  '2357001327 Dell Way',
  '2357001327 Dell Way',
  '2357001327 Dell Way',
  '2357001327 Dell Way',
  '8316616549 Dell Way',
  '5539448576 Dell Way',
  '5539448576 Dell Way',
  '5539448576 Dell Way',
  '5539448576 Dell Way',
  '5539448576 Dell Way',
  '4240826425 Dell Way',
  '5539448576 Dell Way',
  '5539448576 Dell Way',
  '5539448576 Dell Way',
  '5539448576 Dell Way',
  '5539448576 Dell Way',
  '4192697055 Dell Way',
  '4192697055 Dell Way',
  '4192697055 Dell Way',
  '4192697055 Dell Way',
  '4192697055 Dell Way',
  '4192697055 Dell Way',
  '4192697055 Dell Way',
  '4192697055 Dell Way',
  '2028729085 Dell Way',
  '2028729085 Dell Way',
  '2028729085 Dell Way',
  '2028729085 Dell Way',
  '2028729085 Dell Way',
  '2028729085 Dell Way',
  '2028729085 Dell Way',
  '2028729085 Dell Way',
  '6857110074 Dell Way',
  '6857110074 Dell Way',
  '6857110074 Dell Way',
  '6857110074 Dell Way',
  '6857110074 Dell Way',
  '6857110074 Dell Way',
  '6857110074 Dell Way',
  '6857110074 Dell Way',
  '9611847558 Dell Way',
  '9611847558 Dell Way',
  '9611847558 Dell Way',
  '9611847558 Dell Way',
  '9743191382 Dell Way',
  '9743191382 Dell Way',
  '9743191382 Dell Way',
  '9743191382 Dell Way',
  '9743191382 Dell Way',
  '9388242459 Dell Way',
  '9388242459 Dell Way',
  '9388242459 Dell Way',
  '9388242459 Dell Way',
  '9388242459 Dell Way',
  '9388242459 Dell Way',
  '9565188320 Dell Way',
  '9565188320 Dell Way',
  '9565188320 Dell Way',
  '9565188320 Dell Way',
  '9565188320 Dell Way',
  '9565188320 Dell Way',
  '7935540073 Dell Way',
  '5784572414 Dell Way',
  '5784572414 Dell Way',
  '6048828596 Dell Way',
  '6048828596 Dell Way',
  '6048828596 Dell Way',
  '6048828596 Dell Way',
  '6048828596 Dell Way',
  '6048828596 Dell Way',
  '5170334916 Dell Way',
  '5170334916 Dell Way',
  '5900028529 Dell Way',
  '5900028529 Dell Way',
  '7406722717 Dell Way',
  '7406722717 Dell Way',
  '7406722717 Dell Way',
  '7406722717 Dell Way',
  '7406722717 Dell Way',
  '7406722717 Dell Way',
  '7406722717 Dell Way',
  '7406722717 Dell Way',
  '7406722717 Dell Way',
  '2910937771 Dell Way',
  '2910937771 Dell Way',
  '2910937771 Dell Way',
  '2910937771 Dell Way',
  '2910937771 Dell Way',
  '4240826425 Dell Way',
  '4240826425 Dell Way',
  '4240826425 Dell Way',
  '5783164355 Dell Way',
  '5783164355 Dell Way',
  '5783164355 Dell Way',
  '5783164355 Dell Way',
  '5783164355 Dell Way',
  '5783164355 Dell Way',
  '5783164355 Dell Way',
  '5783164355 Dell Way',
  '5783164355 Dell Way',
  '5473219555 Dell Way',
  '7879327493 Dell Way',
  '7879327493 Dell Way',
  '7879327493 Dell Way',
  '7879327493 Dell Way',
  '7879327493 Dell Way',
  '7879327493 Dell Way',
  '7879327493 Dell Way',
  '7879327493 Dell Way',
  '7857618733 Dell Way',
  '7857618733 Dell Way',
  '7857618733 Dell Way',
  '7857618733 Dell Way',
  '1574391649 Dell Way',
  '1574391649 Dell Way',
  '1574391649 Dell Way',
  '1574391649 Dell Way',
  '1574391649 Dell Way',
  '1574391649 Dell Way',
  '1574391649 Dell Way',
  '1574391649 Dell Way',
  '5374770653 Dell Way',
  '5374770653 Dell Way',
  '5374770653 Dell Way',
  '5374770653 Dell Way',
  '5374770653 Dell Way',
  '5539448576 Dell Way',
  '5539448576 Dell Way',
  '5539448576 Dell Way',
  '5539448576 Dell Way',
  '5539448576 Dell Way',
  '5539448576 Dell Way',
  '5539448576 Dell Way',
  '5539448576 Dell Way',
  '7089120248 Dell Way',
  '7089120248 Dell Way',
  '7089120248 Dell Way',
  '7089120248 Dell Way',
  '7089120248 Dell Way',
  '7089120248 Dell Way',
  '8469544494 Dell Way',
  '8469544494 Dell Way',
  '8469544494 Dell Way',
  '8469544494 Dell Way',
  '8469544494 Dell Way',
  '8469544494 Dell Way',
  '8469544494 Dell Way',
  '5374770653 Dell Way',
  '5374770653 Dell Way',
  '3432775277 Dell Way',
  '2736524439 Dell Way',
  '2736524439 Dell Way',
  '2736524439 Dell Way',
  '2736524439 Dell Way',
  '2736524439 Dell Way',
  '2736524439 Dell Way',
  '2745224411 Dell Way',
  '2745224411 Dell Way',
  '2745224411 Dell Way',
  '2745224411 Dell Way',
  '2745224411 Dell Way',
  '2745224411 Dell Way',
  '2745224411 Dell Way',
  '2745224411 Dell Way',
  '2745224411 Dell Way',
  '9684702382 Dell Way',
  '9684702382 Dell Way',
  '9985353642 Dell Way',
  '9985353642 Dell Way',
  '9985353642 Dell Way',
  '9985353642 Dell Way',
  '9985353642 Dell Way',
  '9985353642 Dell Way',
  '2587724351 Dell Way',
  '2587724351 Dell Way',
  '2587724351 Dell Way',
  '2587724351 Dell Way',
  '2587724351 Dell Way',
  '6979256619 Dell Way',
  '6979256619 Dell Way',
  '6979256619 Dell Way',
  '6979256619 Dell Way',
  '6979256619 Dell Way',
  '6979256619 Dell Way',
  '9611847558 Dell Way',
  '9611847558 Dell Way',
  '9611847558 Dell Way',
  '8169218833 Dell Way',
  '8169218833 Dell Way',
  '8169218833 Dell Way',
  '8469544494 Dell Way',
  '8469544494 Dell Way',
  '8469544494 Dell Way',
  '8469544494 Dell Way',
  '8469544494 Dell Way',
  '8469544494 Dell Way',
  '8469544494 Dell Way',
  '8469544494 Dell Way',
  '8469544494 Dell Way',
  '8469544494 Dell Way',
  '8469544494 Dell Way',
  '8469544494 Dell Way',
  '8469544494 Dell Way',
  '8469544494 Dell Way',
  '8469544494 Dell Way',
  '4550212818 Dell Way',
  '4550212818 Dell Way',
  '4550212818 Dell Way',
  '4550212818 Dell Way',
  '5473219555 Dell Way',
  '5473219555 Dell Way',
  '5473219555 Dell Way',
  '5473219555 Dell Way',
  '5473219555 Dell Way',
  '9253665090 Dell Way',
  '9253665090 Dell Way',
  '9253665090 Dell Way',
  '9253665090 Dell Way',
  '9253665090 Dell Way',
  '9253665090 Dell Way',
  '2910937771 Dell Way',
  '6581755749 Dell Way',
  '6581755749 Dell Way',
  '6581755749 Dell Way',
  '6581755749 Dell Way',
  '6581755749 Dell Way',
  '6452175286 Dell Way',
  '6452175286 Dell Way',
  '6452175286 Dell Way',
  '6452175286 Dell Way',
  '6452175286 Dell Way',
  '6452175286 Dell Way',
  '6452175286 Dell Way',
  '6452175286 Dell Way',
  '6452175286 Dell Way',
  '9289990314 Dell Way',
  '9289990314 Dell Way',
  '9289990314 Dell Way',
  '9289990314 Dell Way',
  '9289990314 Dell Way',
  '9289990314 Dell Way',
  '9289990314 Dell Way'],
 ['SMSKOAYJRA@dell.com',
  'SMSKOAYJRA@dell.com',
  'SMSKOAYJRA@dell.com',
  'FAJOCKOVZM@dell.com',
  'FAJOCKOVZM@dell.com',
  'FAJOCKOVZM@dell.com',
  'FAJOCKOVZM@dell.com',
  'FAJOCKOVZM@dell.com',
  'RRCTTIYSPH@dell.com',
  'RRCTTIYSPH@dell.com',
  'RRCTTIYSPH@dell.com',
  'CHDIZHAWHJ@dell.com',
  'CHDIZHAWHJ@dell.com',
  'CHDIZHAWHJ@dell.com',
  'CHDIZHAWHJ@dell.com',
  'CHDIZHAWHJ@dell.com',
  'RDEOWWUOOU@dell.com',
  'RDEOWWUOOU@dell.com',
  'RDEOWWUOOU@dell.com',
  'RDEOWWUOOU@dell.com',
  'RDEOWWUOOU@dell.com',
  'RDEOWWUOOU@dell.com',
  'RDEOWWUOOU@dell.com',
  'RDEOWWUOOU@dell.com',
  'RDEOWWUOOU@dell.com',
  'VVLBWJOXRA@dell.com',
  'VVLBWJOXRA@dell.com',
  'VVLBWJOXRA@dell.com',
  'VVLBWJOXRA@dell.com',
  'PYSIBPCOXN@dell.com',
  'PYSIBPCOXN@dell.com',
  'PYSIBPCOXN@dell.com',
  'MHEOZWGIYZ@dell.com',
  'MHEOZWGIYZ@dell.com',
  'MHEOZWGIYZ@dell.com',
  'MHEOZWGIYZ@dell.com',
  'MHEOZWGIYZ@dell.com',
  'MHEOZWGIYZ@dell.com',
  'MHEOZWGIYZ@dell.com',
  'ADATGYDMLV@dell.com',
  'ADATGYDMLV@dell.com',
  'ADATGYDMLV@dell.com',
  'ADATGYDMLV@dell.com',
  'ADATGYDMLV@dell.com',
  'ADATGYDMLV@dell.com',
  'ADATGYDMLV@dell.com',
  'ADATGYDMLV@dell.com',
  'MUXCWPCDPB@dell.com',
  'MUXCWPCDPB@dell.com',
  'MUXCWPCDPB@dell.com',
  'MUXCWPCDPB@dell.com',
  'MUXCWPCDPB@dell.com',
  'MUXCWPCDPB@dell.com',
  'FUUJOFKRGB@dell.com',
  'GNYFERIGGA@dell.com',
  'GNYFERIGGA@dell.com',
  'GNYFERIGGA@dell.com',
  'GNYFERIGGA@dell.com',
  'GNYFERIGGA@dell.com',
  'AIVMQXXYAT@dell.com',
  'AIVMQXXYAT@dell.com',
  'AIVMQXXYAT@dell.com',
  'AIVMQXXYAT@dell.com',
  'DTVJLOQAIS@dell.com',
  'DTVJLOQAIS@dell.com',
  'DTVJLOQAIS@dell.com',
  'DTVJLOQAIS@dell.com',
  'DTVJLOQAIS@dell.com',
  'DTVJLOQAIS@dell.com',
  'DTVJLOQAIS@dell.com',
  'YVVQAFFIGG@dell.com',
  'YVVQAFFIGG@dell.com',
  'YVVQAFFIGG@dell.com',
  'YVVQAFFIGG@dell.com',
  'YVVQAFFIGG@dell.com',
  'YVVQAFFIGG@dell.com',
  'YVVQAFFIGG@dell.com',
  'YVVQAFFIGG@dell.com',
  'HGTYWOUMUM@dell.com',
  'HGTYWOUMUM@dell.com',
  'HGTYWOUMUM@dell.com',
  'HGTYWOUMUM@dell.com',
  'RFWNNENSOP@dell.com',
  'RFWNNENSOP@dell.com',
  'RFWNNENSOP@dell.com',
  'RFWNNENSOP@dell.com',
  'RFWNNENSOP@dell.com',
  'RFWNNENSOP@dell.com',
  'RFWNNENSOP@dell.com',
  'RFWNNENSOP@dell.com',
  'OTVNIRDTHF@dell.com',
  'OTVNIRDTHF@dell.com',
  'OTVNIRDTHF@dell.com',
  'OTVNIRDTHF@dell.com',
  'OQJEXIRFLJ@dell.com',
  'OQJEXIRFLJ@dell.com',
  'OQJEXIRFLJ@dell.com',
  'OQJEXIRFLJ@dell.com',
  'OQJEXIRFLJ@dell.com',
  'OQJEXIRFLJ@dell.com',
  'OQJEXIRFLJ@dell.com',
  'OQJEXIRFLJ@dell.com',
  'NFKMVFOFDE@dell.com',
  'NFKMVFOFDE@dell.com',
  'NFKMVFOFDE@dell.com',
  'NFKMVFOFDE@dell.com',
  'NFKMVFOFDE@dell.com',
  'NFKMVFOFDE@dell.com',
  'NFKMVFOFDE@dell.com',
  'NFKMVFOFDE@dell.com',
  'AGMPETVQPM@dell.com',
  'AGMPETVQPM@dell.com',
  'AGMPETVQPM@dell.com',
  'AGMPETVQPM@dell.com',
  'AGMPETVQPM@dell.com',
  'AGMPETVQPM@dell.com',
  'AGMPETVQPM@dell.com',
  'AGMPETVQPM@dell.com',
  'MUXCWPCDPB@dell.com',
  'BVGXBEOIWQ@dell.com',
  'BVGXBEOIWQ@dell.com',
  'BVGXBEOIWQ@dell.com',
  'BVGXBEOIWQ@dell.com',
  'BVGXBEOIWQ@dell.com',
  'FXMEWECLKL@dell.com',
  'FXMEWECLKL@dell.com',
  'FXMEWECLKL@dell.com',
  'FXMEWECLKL@dell.com',
  'FXMEWECLKL@dell.com',
  'MDOJRIRYXA@dell.com',
  'MDOJRIRYXA@dell.com',
  'MDOJRIRYXA@dell.com',
  'MDOJRIRYXA@dell.com',
  'MDOJRIRYXA@dell.com',
  'MDOJRIRYXA@dell.com',
  'MDOJRIRYXA@dell.com',
  'XHGWGIXWQR@dell.com',
  'VKLACIUEHQ@dell.com',
  'VKLACIUEHQ@dell.com',
  'VKLACIUEHQ@dell.com',
  'VKLACIUEHQ@dell.com',
  'VKLACIUEHQ@dell.com',
  'VKLACIUEHQ@dell.com',
  'OEWMDWDXUZ@dell.com',
  'OEWMDWDXUZ@dell.com',
  'OEWMDWDXUZ@dell.com',
  'OEWMDWDXUZ@dell.com',
  'OEWMDWDXUZ@dell.com',
  'OEWMDWDXUZ@dell.com',
  'OEWMDWDXUZ@dell.com',
  'OEWMDWDXUZ@dell.com',
  'BQUXSGNXCM@dell.com',
  'BQUXSGNXCM@dell.com',
  'BQUXSGNXCM@dell.com',
  'BQUXSGNXCM@dell.com',
  'CJMSFPHMZQ@dell.com',
  'XLQBXUTEEL@dell.com',
  'XLQBXUTEEL@dell.com',
  'XLQBXUTEEL@dell.com',
  'XLQBXUTEEL@dell.com',
  'XLQBXUTEEL@dell.com',
  'PBAMMUUIRK@dell.com',
  'XLQBXUTEEL@dell.com',
  'XLQBXUTEEL@dell.com',
  'XLQBXUTEEL@dell.com',
  'XLQBXUTEEL@dell.com',
  'XLQBXUTEEL@dell.com',
  'AWUQWFTIIH@dell.com',
  'AWUQWFTIIH@dell.com',
  'AWUQWFTIIH@dell.com',
  'AWUQWFTIIH@dell.com',
  'AWUQWFTIIH@dell.com',
  'AWUQWFTIIH@dell.com',
  'AWUQWFTIIH@dell.com',
  'AWUQWFTIIH@dell.com',
  'HBFTHMATLT@dell.com',
  'HBFTHMATLT@dell.com',
  'HBFTHMATLT@dell.com',
  'HBFTHMATLT@dell.com',
  'HBFTHMATLT@dell.com',
  'HBFTHMATLT@dell.com',
  'HBFTHMATLT@dell.com',
  'HBFTHMATLT@dell.com',
  'AGMPETVQPM@dell.com',
  'AGMPETVQPM@dell.com',
  'AGMPETVQPM@dell.com',
  'AGMPETVQPM@dell.com',
  'AGMPETVQPM@dell.com',
  'AGMPETVQPM@dell.com',
  'AGMPETVQPM@dell.com',
  'AGMPETVQPM@dell.com',
  'EFPLAVDHOW@dell.com',
  'EFPLAVDHOW@dell.com',
  'EFPLAVDHOW@dell.com',
  'EFPLAVDHOW@dell.com',
  'RMEVXCQGQF@dell.com',
  'RMEVXCQGQF@dell.com',
  'RMEVXCQGQF@dell.com',
  'RMEVXCQGQF@dell.com',
  'RMEVXCQGQF@dell.com',
  'ULZGJNPUED@dell.com',
  'ULZGJNPUED@dell.com',
  'ULZGJNPUED@dell.com',
  'ULZGJNPUED@dell.com',
  'ULZGJNPUED@dell.com',
  'ULZGJNPUED@dell.com',
  'DKBVKXMOSF@dell.com',
  'DKBVKXMOSF@dell.com',
  'DKBVKXMOSF@dell.com',
  'DKBVKXMOSF@dell.com',
  'DKBVKXMOSF@dell.com',
  'DKBVKXMOSF@dell.com',
  'NJECDQWPGN@dell.com',
  'UCUVECVETS@dell.com',
  'UCUVECVETS@dell.com',
  'NXGLEPTFPS@dell.com',
  'NXGLEPTFPS@dell.com',
  'NXGLEPTFPS@dell.com',
  'NXGLEPTFPS@dell.com',
  'NXGLEPTFPS@dell.com',
  'NXGLEPTFPS@dell.com',
  'PZJXZFZESI@dell.com',
  'PZJXZFZESI@dell.com',
  'AIVMQXXYAT@dell.com',
  'AIVMQXXYAT@dell.com',
  'KPODYWNIOF@dell.com',
  'KPODYWNIOF@dell.com',
  'KPODYWNIOF@dell.com',
  'KPODYWNIOF@dell.com',
  'KPODYWNIOF@dell.com',
  'KPODYWNIOF@dell.com',
  'KPODYWNIOF@dell.com',
  'KPODYWNIOF@dell.com',
  'KPODYWNIOF@dell.com',
  'PNCILFXHYQ@dell.com',
  'PNCILFXHYQ@dell.com',
  'PNCILFXHYQ@dell.com',
  'PNCILFXHYQ@dell.com',
  'PNCILFXHYQ@dell.com',
  'PBAMMUUIRK@dell.com',
  'PBAMMUUIRK@dell.com',
  'PBAMMUUIRK@dell.com',
  'CXOVMNTOBN@dell.com',
  'CXOVMNTOBN@dell.com',
  'CXOVMNTOBN@dell.com',
  'CXOVMNTOBN@dell.com',
  'CXOVMNTOBN@dell.com',
  'CXOVMNTOBN@dell.com',
  'CXOVMNTOBN@dell.com',
  'CXOVMNTOBN@dell.com',
  'CXOVMNTOBN@dell.com',
  'RRCTTIYSPH@dell.com',
  'VKLACIUEHQ@dell.com',
  'VKLACIUEHQ@dell.com',
  'VKLACIUEHQ@dell.com',
  'VKLACIUEHQ@dell.com',
  'VKLACIUEHQ@dell.com',
  'VKLACIUEHQ@dell.com',
  'VKLACIUEHQ@dell.com',
  'VKLACIUEHQ@dell.com',
  'YONESWESTE@dell.com',
  'YONESWESTE@dell.com',
  'YONESWESTE@dell.com',
  'YONESWESTE@dell.com',
  'SMSKOAYJRA@dell.com',
  'SMSKOAYJRA@dell.com',
  'SMSKOAYJRA@dell.com',
  'SMSKOAYJRA@dell.com',
  'SMSKOAYJRA@dell.com',
  'SMSKOAYJRA@dell.com',
  'SMSKOAYJRA@dell.com',
  'SMSKOAYJRA@dell.com',
  'DNPQYCIYWU@dell.com',
  'DNPQYCIYWU@dell.com',
  'DNPQYCIYWU@dell.com',
  'DNPQYCIYWU@dell.com',
  'DNPQYCIYWU@dell.com',
  'XLQBXUTEEL@dell.com',
  'XLQBXUTEEL@dell.com',
  'XLQBXUTEEL@dell.com',
  'XLQBXUTEEL@dell.com',
  'XLQBXUTEEL@dell.com',
  'XLQBXUTEEL@dell.com',
  'XLQBXUTEEL@dell.com',
  'XLQBXUTEEL@dell.com',
  'PQWWRDUOSV@dell.com',
  'PQWWRDUOSV@dell.com',
  'PQWWRDUOSV@dell.com',
  'PQWWRDUOSV@dell.com',
  'PQWWRDUOSV@dell.com',
  'PQWWRDUOSV@dell.com',
  'BABJDSEGVI@dell.com',
  'BABJDSEGVI@dell.com',
  'BABJDSEGVI@dell.com',
  'BABJDSEGVI@dell.com',
  'BABJDSEGVI@dell.com',
  'BABJDSEGVI@dell.com',
  'BABJDSEGVI@dell.com',
  'DNPQYCIYWU@dell.com',
  'DNPQYCIYWU@dell.com',
  'WLSJTMFRBI@dell.com',
  'WOWQKNLTLE@dell.com',
  'WOWQKNLTLE@dell.com',
  'WOWQKNLTLE@dell.com',
  'WOWQKNLTLE@dell.com',
  'WOWQKNLTLE@dell.com',
  'WOWQKNLTLE@dell.com',
  'XCOGMVLEGJ@dell.com',
  'XCOGMVLEGJ@dell.com',
  'XCOGMVLEGJ@dell.com',
  'XCOGMVLEGJ@dell.com',
  'XCOGMVLEGJ@dell.com',
  'XCOGMVLEGJ@dell.com',
  'XCOGMVLEGJ@dell.com',
  'XCOGMVLEGJ@dell.com',
  'XCOGMVLEGJ@dell.com',
  'COTLJUTAPZ@dell.com',
  'COTLJUTAPZ@dell.com',
  'UKRLMRNJUK@dell.com',
  'UKRLMRNJUK@dell.com',
  'UKRLMRNJUK@dell.com',
  'UKRLMRNJUK@dell.com',
  'UKRLMRNJUK@dell.com',
  'UKRLMRNJUK@dell.com',
  'RLIIWMNKBU@dell.com',
  'RLIIWMNKBU@dell.com',
  'RLIIWMNKBU@dell.com',
  'RLIIWMNKBU@dell.com',
  'RLIIWMNKBU@dell.com',
  'ENVQWJDOXE@dell.com',
  'ENVQWJDOXE@dell.com',
  'ENVQWJDOXE@dell.com',
  'ENVQWJDOXE@dell.com',
  'ENVQWJDOXE@dell.com',
  'ENVQWJDOXE@dell.com',
  'EFPLAVDHOW@dell.com',
  'EFPLAVDHOW@dell.com',
  'EFPLAVDHOW@dell.com',
  'HGTYWOUMUM@dell.com',
  'HGTYWOUMUM@dell.com',
  'HGTYWOUMUM@dell.com',
  'BABJDSEGVI@dell.com',
  'BABJDSEGVI@dell.com',
  'BABJDSEGVI@dell.com',
  'BABJDSEGVI@dell.com',
  'BABJDSEGVI@dell.com',
  'BABJDSEGVI@dell.com',
  'BABJDSEGVI@dell.com',
  'BABJDSEGVI@dell.com',
  'BABJDSEGVI@dell.com',
  'BABJDSEGVI@dell.com',
  'BABJDSEGVI@dell.com',
  'BABJDSEGVI@dell.com',
  'BABJDSEGVI@dell.com',
  'BABJDSEGVI@dell.com',
  'BABJDSEGVI@dell.com',
  'RUNKKVHHWD@dell.com',
  'RUNKKVHHWD@dell.com',
  'RUNKKVHHWD@dell.com',
  'RUNKKVHHWD@dell.com',
  'RRCTTIYSPH@dell.com',
  'RRCTTIYSPH@dell.com',
  'RRCTTIYSPH@dell.com',
  'RRCTTIYSPH@dell.com',
  'RRCTTIYSPH@dell.com',
  'NFCSRDNMRC@dell.com',
  'NFCSRDNMRC@dell.com',
  'NFCSRDNMRC@dell.com',
  'NFCSRDNMRC@dell.com',
  'NFCSRDNMRC@dell.com',
  'NFCSRDNMRC@dell.com',
  'PNCILFXHYQ@dell.com',
  'AROAKQJKIP@dell.com',
  'AROAKQJKIP@dell.com',
  'AROAKQJKIP@dell.com',
  'AROAKQJKIP@dell.com',
  'AROAKQJKIP@dell.com',
  'GBZGGFCUCL@dell.com',
  'GBZGGFCUCL@dell.com',
  'GBZGGFCUCL@dell.com',
  'GBZGGFCUCL@dell.com',
  'GBZGGFCUCL@dell.com',
  'GBZGGFCUCL@dell.com',
  'GBZGGFCUCL@dell.com',
  'GBZGGFCUCL@dell.com',
  'GBZGGFCUCL@dell.com',
  'YJIVIXOUDH@dell.com',
  'YJIVIXOUDH@dell.com',
  'YJIVIXOUDH@dell.com',
  'YJIVIXOUDH@dell.com',
  'YJIVIXOUDH@dell.com',
  'YJIVIXOUDH@dell.com',
  'YJIVIXOUDH@dell.com'],
 ['AFFAIR METROPOLIS',
  'AFFAIR HURRICANE',
  'AIRPLANE MONSTER',
  'ALADDIN HOBBIT',
  'AFFAIR EARRING',
  'AIRPORT WILD',
  'AFFAIR DARKO',
  'AGENT MERMAID',
  'AGENT DISTURBING',
  'AGENT NASH',
  'AGENT HOLIDAY',
  'ALADDIN BIKINI',
  'AFFAIR EFFECT',
  'AGENT FRANKENSTEIN',
  'AFFAIR WASTELAND',
  'ADAPTATION HOLY',
  'AIRPORT DRIVER',
  'AFRICAN ALAMO',
  'AFFAIR VOICE',
  'ALADDIN RIGHT',
  'ADAPTATION EXPECATIONS',
  'ALABAMA DARES',
  'AIRPORT WOLVES',
  'AIRPORT LOATHING',
  'ACE EDGE',
  'AFRICAN GORGEOUS',
  'AGENT HAMLET',
  'ALABAMA WATERFRONT',
  'ACADEMY HIGH',
  'ACE SUMMER',
  'AIRPORT RANGE',
  'ALADDIN WILLOW',
  'ALABAMA PITTSBURGH',
  'AIRPLANE UPRISING',
  'ACADEMY WIFE',
  'AIRPLANE VALLEY',
  'AIRPLANE HOTEL',
  'AIRPORT PACKER',
  'ALADDIN HARDLY',
  'AFFAIR STEERS',
  'ACE JADE',
  'ADAPTATION SHOCK',
  'AIRPORT SOUTH',
  'AFFAIR EFFECT',
  'AIRPLANE FARGO',
  'ALABAMA NATIONAL',
  'AFRICAN PINOCCHIO',
  'ALABAMA KARATE',
  'AIRPORT GLORY',
  'AFFAIR BORROWERS',
  'ACE DRUMLINE',
  'AGENT FIREHOUSE',
  'AFFAIR FLINTSTONES',
  'AIRPORT CONFESSIONS',
  'ADAPTATION MICROCOSMOS',
  'AIRPLANE MOONSHINE',
  'AFRICAN HOME',
  'ALADDIN TIMBERLAND',
  'ACADEMY DADDY',
  'AFRICAN NOVOCAINE',
  'ACADEMY STRAIGHT',
  'AGENT SAMURAI',
  'AIRPORT BRIDE',
  'ADAPTATION PACKER',
  'ALADDIN POTTER',
  'AIRPORT ILLUSION',
  'ALABAMA DETAILS',
  'AIRPLANE CALENDAR',
  'AIRPLANE CHASING',
  'AIRPORT GREASE',
  'AIRPLANE DANCING',
  'AGENT AFRICAN',
  'ALABAMA DARKO',
  'ADAPTATION ILLUSION',
  'AFFAIR FIDDLER',
  'ACADEMY ALICE',
  'AFFAIR SMOOCHY',
  'ACE WAIT',
  'AIRPORT BIRCH',
  'AGENT DARES',
  'ADAPTATION SMOKING',
  'AIRPLANE FIREHOUSE',
  'ALABAMA EAGLES',
  'ALADDIN JACKET',
  'ACE ENDING',
  'AIRPORT ISLAND',
  'ADAPTATION MADISON',
  'ACADEMY BREAKFAST',
  'AFFAIR MULAN',
  'ACE TEEN',
  'ALABAMA KNOCK',
  'ALADDIN STATE',
  'ACADEMY DEVIL',
  'AIRPLANE HEAD',
  'AIRPLANE JUMANJI',
  'AFRICAN MADNESS',
  'AIRPORT DADDY',
  'AGENT MUSIC',
  'AFFAIR OPERATION',
  'AIRPLANE ALICE',
  'AGENT BIRDCAGE',
  'AFFAIR VOYAGE',
  'AGENT BOILED',
  'AGENT MUSIC',
  'ACE JASON',
  'ALADDIN DINOSAUR',
  'ACADEMY PET',
  'ACE GALAXY',
  'ALADDIN LONELY',
  'AIRPLANE BORN',
  'ACE SENSIBILITY',
  'ALADDIN ATTACKS',
  'AFFAIR SHAWSHANK',
  'AIRPORT JERK',
  'AGENT JOON',
  'ADAPTATION FISH',
  'AIRPLANE DETECTIVE',
  'AFRICAN PLATOON',
  'ALADDIN HOMEWARD',
  'AIRPLANE LUST',
  'ALABAMA SATISFACTION',
  'AFRICAN PURPLE',
  'ADAPTATION DAZED',
  'ALABAMA MIXED',
  'ADAPTATION ROBBERY',
  'ALADDIN PIANIST',
  'ALABAMA DRACULA',
  'AFRICAN CRAFT',
  'ACE FLASH',
  'ACADEMY HYDE',
  'AIRPORT CONNECTION',
  'ALADDIN POLLOCK',
  'ACADEMY KILLER',
  'ALABAMA PACKER',
[...]
 'ALABAMA SPIRITED',
 'AGENT KRAMER',
 'ALABAMA MASSACRE',
 'AIRPORT FROST',
 'AFRICAN ADAPTATION',
 'AIRPORT LIGHTS',
 'AIRPLANE FUGITIVE',
 'ALADDIN FRANKENSTEIN',
 'AIRPLANE RUGRATS',
 'AFRICAN DELIVERANCE',
 'AIRPLANE HALL',
 'ACADEMY PERDITION',
 'AFRICAN PIZZA',
 'AIRPLANE CLERKS',
 'AGENT RESURRECTION',
 'ALABAMA UPRISING',
 'AIRPLANE TRIP',
 'ALADDIN BORN',
 'ALADDIN PIZZA',
 'ALABAMA SUNSET',
 'ALADDIN PAJAMA',
 'ACADEMY RIGHT',
 'AIRPORT STAMPEDE',
 'AGENT BULL',
 'AIRPORT BILKO',
 'AIRPLANE SWEETHEARTS',
 'ADAPTATION ILLUSION',
 'ADAPTATION DELIVERANCE',
 'ADAPTATION MISSION',
 'AFRICAN SHAWSHANK',
 'AGENT MONTEREY',
 'ACADEMY ARGONAUTS',
 'AFFAIR DOLLS',
 'ALADDIN DIRTY',
 'ALADDIN CLEOPATRA',
 'ALADDIN ENCOUNTERS',
 'AGENT DUMBO',
 'AFRICAN DIARY',
 'AFFAIR BROTHERHOOD',
 'ACADEMY JAWBREAKER',
 'AGENT ARMY',
 'ALABAMA GORGEOUS',
 'AIRPLANE VANILLA',
 'AIRPLANE CINCINATTI',
 'ADAPTATION BROOKLYN',
 'ACE UNITED',
 'AIRPLANE INFORMER',
 'ACE BILKO',
 'ADAPTATION HAMLET',
 'ALADDIN MENAGERIE',
 'AIRPLANE FOREVER',
 'ALABAMA WORDS',
 'AIRPLANE CHICAGO',
 'ACE TRUMAN',
 'ALABAMA REUNION',
 'AGENT DEER',
 'AFRICAN CONGENIALITY',
 'AIRPLANE STING',
 'ALADDIN CHOCOLATE',
 'AFRICAN JERK',
 'ACE BENEATH',
 'AFRICAN SUICIDES',
 'ACE TOWN',
 'ACADEMY REDS',
 'ALABAMA THIEF',
 'ALABAMA CAPER',
 'AIRPORT SUNRISE',
 'ALADDIN DOUBLE',
 'ACADEMY LABYRINTH',
 'ACE DOZEN',
 'ADAPTATION TIGHTS',
 'ALABAMA ROOTS',
 'ALABAMA SLEEPLESS',
 'ALABAMA BREAKING',
 'AFRICAN ZOOLANDER',
 'AGENT LIAISONS',
 'AGENT ROMAN',
 'ALADDIN PAJAMA',
 'ACADEMY LOLITA',
 'AFFAIR DRAGONFLY',
 'AIRPORT ELEMENT',
 'ACE TRAINSPOTTING',
 'AIRPLANE BORROWERS',
 'ACADEMY BIRDS',
 'ALABAMA ALICE',
 'AIRPLANE HAROLD',
 'AGENT NEMO',
 'AFRICAN JUMPING',
 'ALABAMA GOODFELLAS',
 'ALABAMA REAP',
 'AIRPORT OCTOBER',
 'ACE MULHOLLAND',
 'AIRPORT KENTUCKIAN',
 'AGENT PRIMARY',
 'ACADEMY TWISTED',
 'AFFAIR MAKER',
 'AIRPORT SATURN',
 'ADAPTATION LORD',
 'ADAPTATION PRIDE',
 'ALADDIN PATIENT',
 'AIRPORT REMEMBER',
 'AGENT COMMANDMENTS',
 'ALADDIN FIGHT',
 'AFRICAN ARMAGEDDON',
 'ADAPTATION DIVIDE',
 'AIRPORT FRIDA',
 'ADAPTATION RUNNER',
 'ALADDIN ROOTS',
 'AGENT WAKE',
 'ALABAMA BUTCH',
 'AIRPORT BROOKLYN',
 'ALABAMA ROSES',
 'AIRPORT HAROLD',
 'ACE CAMELOT',
 'AIRPORT SORORITY',
 'ADAPTATION INSTINCT',
 'ALADDIN BEHAVIOR',
 'ADAPTATION GREEDY',
 'AIRPLANE INSTINCT',
 'ACE GLADIATOR',
 'AFRICAN COLOR',
 'AIRPORT GRACELAND',
 'AFRICAN BEETHOVEN',
 'AIRPLANE FIGHT',
 'ADAPTATION EMPIRE',
 'AFFAIR TEEN',
 'ACE NUTS',
 'AIRPORT SLACKER'] | ['AFFAIR METROPOLIS',
 'AFFAIR HURRICANE',
 'AIRPLANE MONSTER',
 'ALADDIN HOBBIT',
 'AFFAIR EARRING',
 'AIRPORT WILD',
 'AFFAIR DARKO',
 'AGENT MERMAID',
 'AGENT DISTURBING',
 'AGENT NASH',
 'AGENT HOLIDAY',
 'ALADDIN BIKINI',
 'AFFAIR EFFECT',
 'AGENT FRANKENSTEIN',
 'AFFAIR WASTELAND',
 'ADAPTATION HOLY',
 'AIRPORT DRIVER',
 'AFRICAN ALAMO',
 'AFFAIR VOICE',
 'ALADDIN RIGHT',
 'ADAPTATION EXPECATIONS',
 'ALABAMA DARES',
 'AIRPORT WOLVES',
 'AIRPORT LOATHING',
 'ACE EDGE',
 'AFRICAN GORGEOUS',
 'AGENT HAMLET',
 'ALABAMA WATERFRONT',
 'ACADEMY HIGH',
 'ACE SUMMER',
 'AIRPORT RANGE',
 'ALADDIN WILLOW',
 'ALABAMA PITTSBURGH',
 'AIRPLANE UPRISING',
 'ACADEMY WIFE',
 'AIRPLANE VALLEY',
 'AIRPLANE HOTEL',
 'AIRPORT PACKER',
 'ALADDIN HARDLY',
 'AFFAIR STEERS',
 'ACE JADE',
 'ADAPTATION SHOCK',
 'AIRPORT SOUTH',
 'AFFAIR EFFECT',
 'AIRPLANE FARGO',
 'ALABAMA NATIONAL',
 'AFRICAN PINOCCHIO',
 'ALABAMA KARATE',
 'AIRPORT GLORY',
 'AFFAIR BORROWERS',
 'ACE DRUMLINE',
 'AGENT FIREHOUSE',
 'AFFAIR FLINTSTONES',
 'AIRPORT CONFESSIONS',
 'ADAPTATION MICROCOSMOS',
 'AIRPLANE MOONSHINE',
 'AFRICAN HOME',
 'ALADDIN TIMBERLAND',
 'ACADEMY DADDY',
 'AFRICAN NOVOCAINE',
 'ACADEMY STRAIGHT',
 'AGENT SAMURAI',
 'AIRPORT BRIDE',
 'ADAPTATION PACKER',
 'ALADDIN POTTER',
 'AIRPORT ILLUSION',
 'ALABAMA DETAILS',
 'AIRPLANE CALENDAR',
 'AIRPLANE CHASING',
 'AIRPORT GREASE',
 'AIRPLANE DANCING',
 'AGENT AFRICAN',
 'ALABAMA DARKO',
 'ADAPTATION ILLUSION',
 'AFFAIR FIDDLER',
 'ACADEMY ALICE',
 'AFFAIR SMOOCHY',
 'ACE WAIT',
 'AIRPORT BIRCH',
 'AGENT DARES',
 'ADAPTATION SMOKING',
 'AIRPLANE FIREHOUSE',
 'ALABAMA EAGLES',
 'ALADDIN JACKET',
 'ACE ENDING',
 'AIRPORT ISLAND',
 'ADAPTATION MADISON',
 'ACADEMY BREAKFAST',
 'AFFAIR MULAN',
 'ACE TEEN',
 'ALABAMA KNOCK',
 'ALADDIN STATE',
 'ACADEMY DEVIL',
 'AIRPLANE HEAD',
 'AIRPLANE JUMANJI',
 'AFRICAN MADNESS',
 'AIRPORT DADDY',
 'AGENT MUSIC',
 'AFFAIR OPERATION',
 'AIRPLANE ALICE',
 'AGENT BIRDCAGE',
 'AFFAIR VOYAGE',
 'AGENT BOILED',
 'AGENT MUSIC',
 'ACE JASON',
 'ALADDIN DINOSAUR',
 'ACADEMY PET',
 'ACE GALAXY',
 'ALADDIN LONELY',
 'AIRPLANE BORN',
 'ACE SENSIBILITY',
 'ALADDIN ATTACKS',
 'AFFAIR SHAWSHANK',
 'AIRPORT JERK',
 'AGENT JOON',
 'ADAPTATION FISH',
 'AIRPLANE DETECTIVE',
 'AFRICAN PLATOON',
 'ALADDIN HOMEWARD',
 'AIRPLANE LUST',
 'ALABAMA SATISFACTION',
 'AFRICAN PURPLE',
 'ADAPTATION DAZED',
 'ALABAMA MIXED',
 'ADAPTATION ROBBERY',
 'ALADDIN PIANIST',
 'ALABAMA DRACULA',
 'AFRICAN CRAFT',
 'ACE FLASH',
 'ACADEMY HYDE',
 'AIRPORT CONNECTION',
 'ALADDIN POLLOCK',
 'ACADEMY KILLER',
 'ALABAMA PACKER',
 'AIRPLANE EARLY',
 'ALADDIN DETECTIVE',
 'AIRPORT CROW',
 'ACE LOVERBOY',
 'AGENT HELLFIGHTERS',
 'ALADDIN HOMICIDE',
 'ACE JUMPING',
 'ADAPTATION TENENBAUMS',
 'ALADDIN MAGNOLIA',
 'ALADDIN SUSPECTS',
 'ACE SADDLE',
 'ALABAMA REIGN',
 'ACE BUBBLE',
 'AGENT ORIENT',
 'ACE DINOSAUR',
 'ADAPTATION INSECTS',
 'AIRPORT ROCKETEER',
 'ACADEMY VIRGINIAN',
 'AFRICAN PUNK',
 'ACADEMY MOONWALKER',
 'ACE BADMAN',
 'AGENT HEAVYWEIGHTS',
 'ACADEMY VALENTINE',
 'ADAPTATION TENENBAUMS',
 'AIRPLANE POTTER',
 'ACADEMY WALLS',
 'ADAPTATION JUGGLER',
 'ALADDIN MARS',
 'ALADDIN SHREK',
 'AFRICAN CAMPUS',
 'ACADEMY JUMPING',
 'AFFAIR GONE',
 'AGENT REDEMPTION',
 'AFRICAN MAIDEN',
 'ACE EVERYONE',
 'AFRICAN BUTTERFLY',
 'ALABAMA HONEY',
 'AFRICAN PITTSBURGH',
 'AFRICAN BOWFINGER',
 'ACADEMY BLINDNESS',
 'AGENT NAME',
 'AIRPORT SWEET',
 'ALABAMA RUSH',
 'AFRICAN SADDLE',
 'AIRPLANE ALONE',
 'ACE ODDS',
 'ALABAMA GROSSE',
 'ALADDIN BORN',
 'ACADEMY KILLER',
 'AIRPLANE KRAMER',
 'ACADEMY MAGNOLIA',
 'ALABAMA DRACULA',
 'ACE YENTL',
 'ALABAMA DOORS',
 'ALADDIN TURN',
 'AIRPORT CASSIDY',
 'AIRPLANE NOTTING',
 'ACADEMY CRANES',
 'AGENT BOULEVARD',
 'ADAPTATION MUSSOLINI',
 'AFRICAN MAIDEN',
 'AGENT MILE',
 'AIRPORT BLADE',
 'ALABAMA CONTROL',
 'ALADDIN CAMPUS',
 'AIRPORT PET',
 'AFRICAN WALLS',
 'ALABAMA PRIMARY',
 'AGENT ROSES',
 'AFFAIR AIRPORT',
 'AGENT HORROR',
 'AFFAIR NOON',
 'ALABAMA SUNRISE',
 'AIRPORT JUGGLER',
 'AIRPLANE ENEMY',
 'AIRPORT CATCH',
 'ADAPTATION BANGER',
 'AFRICAN NEIGHBORS',
 'ALABAMA NATURAL',
 'AIRPLANE ORDER',
 'AGENT BOWFINGER',
 'ALABAMA GRAFFITI',
 'AFRICAN JEOPARDY',
 'AFFAIR PEAK',
 'ALABAMA TRUMAN',
 'AFRICAN MAIDEN',
 'ACADEMY VISION',
 'AIRPLANE VELVET',
 'ACE TORQUE',
 'ACADEMY SHREK',
 'AFFAIR SUPERFLY',
 'ACADEMY HIGH',
 'AFFAIR FIREBALL',
 'AGENT LONELY',
 'AIRPORT THIN',
 'AFFAIR TOWERS',
 'AIRPLANE BOOGIE',
 'ACADEMY ENCINO',
 'ALADDIN ICE',
 'ACE CENTER',
 'ADAPTATION MUMMY',
 'ALABAMA PICKUP',
 'AGENT OUTFIELD',
 'ALADDIN FELLOWSHIP',
 'ALABAMA RACER',
 'AIRPLANE UPTOWN',
 'ADAPTATION WISDOM',
 'AFFAIR ODDS',
 'ADAPTATION WORKING',
 'AIRPORT INTENTIONS',
 'AFRICAN ALI',
 'ALABAMA ENOUGH',
 'AIRPLANE CASUALTIES',
 'ACE DUMBO',
 'ALADDIN SASSY',
 'ALABAMA HUNTING',
 'ADAPTATION DIARY',
 'AIRPORT STRANGELOVE',
 'AIRPORT CALENDAR',
 'ADAPTATION TRADING',
 'AFFAIR MONEY',
 'AFRICAN SADDLE',
 'AIRPLANE ARGONAUTS',
 'AFRICAN LESSON',
 'ACADEMY BULWORTH',
 'AIRPLANE RAINBOW',
 'AFRICAN ARMY',
 'ALADDIN FEVER',
 'AFRICAN FREDDY',
 'AIRPLANE WON',
 'AIRPORT ENTRAPMENT',
 'ALABAMA SPIRITED',
 'AGENT KRAMER',
 'ALABAMA MASSACRE',
 'AIRPORT FROST',
 'AFRICAN ADAPTATION',
 'AIRPORT LIGHTS',
 'AIRPLANE FUGITIVE',
 'ALADDIN FRANKENSTEIN',
 'AIRPLANE RUGRATS',
 'AFRICAN DELIVERANCE',
 'AIRPLANE HALL',
 'ACADEMY PERDITION',
 'AFRICAN PIZZA',
 'AIRPLANE CLERKS',
 'AGENT RESURRECTION',
 'ALABAMA UPRISING',
 'AIRPLANE TRIP',
 'ALADDIN BORN',
 'ALADDIN PIZZA',
 'ALABAMA SUNSET',
 'ALADDIN PAJAMA',
 'ACADEMY RIGHT',
 'AIRPORT STAMPEDE',
 'AGENT BULL',
 'AIRPORT BILKO',
 'AIRPLANE SWEETHEARTS',
 'ADAPTATION ILLUSION',
 'ADAPTATION DELIVERANCE',
 'ADAPTATION MISSION',
 'AFRICAN SHAWSHANK',
 'AGENT MONTEREY',
 'ACADEMY ARGONAUTS',
 'AFFAIR DOLLS',
 'ALADDIN DIRTY',
 'ALADDIN CLEOPATRA',
 'ALADDIN ENCOUNTERS',
 'AGENT DUMBO',
 'AFRICAN DIARY',
 'AFFAIR BROTHERHOOD',
 'ACADEMY JAWBREAKER',
 'AGENT ARMY',
 'ALABAMA GORGEOUS',
 'AIRPLANE VANILLA',
 'AIRPLANE CINCINATTI',
 'ADAPTATION BROOKLYN',
 'ACE UNITED',
 'AIRPLANE INFORMER',
 'ACE BILKO',
 'ADAPTATION HAMLET',
 'ALADDIN MENAGERIE',
 'AIRPLANE FOREVER',
 'ALABAMA WORDS',
 'AIRPLANE CHICAGO',
 'ACE TRUMAN',
 'ALABAMA REUNION',
 'AGENT DEER',
 'AFRICAN CONGENIALITY',
 'AIRPLANE STING',
 'ALADDIN CHOCOLATE',
 'AFRICAN JERK',
 'ACE BENEATH',
 'AFRICAN SUICIDES',
 'ACE TOWN',
 'ACADEMY REDS',
 'ALABAMA THIEF',
 'ALABAMA CAPER',
 'AIRPORT SUNRISE',
 'ALADDIN DOUBLE',
 'ACADEMY LABYRINTH',
 'ACE DOZEN',
 'ADAPTATION TIGHTS',
 'ALABAMA ROOTS',
 'ALABAMA SLEEPLESS',
 'ALABAMA BREAKING',
 'AFRICAN ZOOLANDER',
 'AGENT LIAISONS',
 'AGENT ROMAN',
 'ALADDIN PAJAMA',
 'ACADEMY LOLITA',
 'AFFAIR DRAGONFLY',
 'AIRPORT ELEMENT',
 'ACE TRAINSPOTTING',
 'AIRPLANE BORROWERS',
 'ACADEMY BIRDS',
 'ALABAMA ALICE',
 'AIRPLANE HAROLD',
 'AGENT NEMO',
 'AFRICAN JUMPING',
 'ALABAMA GOODFELLAS',
 'ALABAMA REAP',
 'AIRPORT OCTOBER',
 'ACE MULHOLLAND',
 'AIRPORT KENTUCKIAN',
 'AGENT PRIMARY',
 'ACADEMY TWISTED',
 'AFFAIR MAKER',
 'AIRPORT SATURN',
 'ADAPTATION LORD',
 'ADAPTATION PRIDE',
 'ALADDIN PATIENT',
 'AIRPORT REMEMBER',
 'AGENT COMMANDMENTS',
 'ALADDIN FIGHT',
 'AFRICAN ARMAGEDDON',
 'ADAPTATION DIVIDE',
 'AIRPORT FRIDA',
 'ADAPTATION RUNNER',
 'ALADDIN ROOTS',
 'AGENT WAKE',
 'ALABAMA BUTCH',
 'AIRPORT BROOKLYN',
 'ALABAMA ROSES',
 'AIRPORT HAROLD',
 'ACE CAMELOT',
 'AIRPORT SORORITY',
 'ADAPTATION INSTINCT',
 'ALADDIN BEHAVIOR',
 'ADAPTATION GREEDY',
 'AIRPLANE INSTINCT',
 'ACE GLADIATOR',
 'AFRICAN COLOR',
 'AIRPORT GRACELAND',
 'AFRICAN BEETHOVEN',
 'AIRPLANE FIGHT',
 'ADAPTATION EMPIRE',
 'AFFAIR TEEN',
 'ACE NUTS',
 'AIRPORT SLACKER'] ]</msg>
<msg timestamp="20220623 13:48:41.326" level="DEBUG">Test timeout 10 seconds active. 9.558 seconds left.</msg>
<msg timestamp="20220623 13:48:41.326" level="TRACE">Return: None</msg>
<status status="PASS" starttime="20220623 13:48:41.321" endtime="20220623 13:48:41.326"/>
</kw>
<kw name="Lists Should Be Equal" library="Col">
<arg>${price}</arg>
<arg>${price_db}</arg>
<doc>Fails if given lists are unequal.</doc>
<msg timestamp="20220623 13:48:41.327" level="TRACE">Arguments: [ [12.99,
 25.99,
 25.99,
 17.99,
 25.99,
 17.99,
 24.99,
 27.99,
 17.99,
 17.99,
 22.99,
 14.99,
 9.99,
 20.99,
 25.99,
 18.99,
 29.99,
 20.99,
 15.99,
 28.99,
 16.99,
 16.99,
 20.99,
 27.99,
 18.99,
 19.99,
 22.99,
 16.99,
 10.99,
 17.99,
 29.99,
 21.99,
 12.99,
 19.99,
 26.99,
 27.99,
 26.99,
 23.99,
 28.99,
 14.99,
 19.99,
 14.99,
 29.99,
 9.99,
 25.99,
 17.99,
 18.99,
 20.99,
 11.99,
 14.99,
 22.99,
 28.99,
 22.99,
 28.99,
 29.99,
 26.99,
 21.99,
 23.99,
 15.99,
 10.99,
 9.99,
 29.99,
 12.99,
 15.99,
 11.99,
 29.99,
 17.99,
 24.99,
 14.99,
 17.99,
 26.99,
 16.99,
 23.99,
 27.99,
 23.99,
 12.99,
 18.99,
 24.99,
 12.99,
 13.99,
 25.99,
 26.99,
 26.99,
 20.99,
 13.99,
 10.99,
 24.99,
 18.99,
 12.99,
 26.99,
 11.99,
 21.99,
 20.99,
 26.99,
 17.99,
 22.99,
 11.99,
 11.99,
 23.99,
 29.99,
 28.99,
 24.99,
 22.99,
 11.99,
 24.99,
 23.99,
 27.99,
 29.99,
 20.99,
 24.99,
 22.99,
 9.99,
 27.99,
 13.99,
 13.99,
 17.99,
 17.99,
 15.99,
 13.99,
 21.99,
 17.99,
 28.99,
 12.99,
 22.99,
 18.99,
 18.99,
 23.99,
 19.99,
 16.99,
 13.99,
 17.99,
 13.99,
 21.99,
 29.99,
 22.99,
 19.99,
 17.99,
 28.99,
 9.99,
 16.99,
 14.99,
 14.99,
 9.99,
 23.99,
 29.99,
 27.99,
 17.99,
 15.99,
 18.99,
 27.99,
 20.99,
 9.99,
 28.99,
 18.99,
 12.99,
 23.99,
 14.99,
 14.99,
 12.99,
 13.99,
 28.99,
 11.99,
 24.99,
 18.99,
 25.99,
 27.99,
 26.99,
 27.99,
 19.99,
 14.99,
 10.99,
 23.99,
 20.99,
 20.99,
 26.99,
 24.99,
 13.99,
 12.99,
 24.99,
 25.99,
 22.99,
 12.99,
 21.99,
 20.99,
 17.99,
 23.99,
 15.99,
 16.99,
 22.99,
 11.99,
 22.99,
 22.99,
 10.99,
 12.99,
 27.99,
 21.99,
 14.99,
 29.99,
 17.99,
 18.99,
 29.99,
 19.99,
 11.99,
 12.99,
 28.99,
 9.99,
 11.99,
 11.99,
 21.99,
 23.99,
 11.99,
 27.99,
 11.99,
 28.99,
 21.99,
 10.99,
 26.99,
 10.99,
 14.99,
 27.99,
 28.99,
 22.99,
 28.99,
 10.99,
 25.99,
 10.99,
 15.99,
 16.99,
 20.99,
 15.99,
 25.99,
 12.99,
 26.99,
 12.99,
 12.99,
 12.99,
 19.99,
 27.99,
 28.99,
 19.99,
 22.99,
 28.99,
 15.99,
 27.99,
 11.99,
 18.99,
 22.99,
 19.99,
 19.99,
 22.99,
 17.99,
 24.99,
 17.99,
 11.99,
 28.99,
 12.99,
 9.99,
 11.99,
 28.99,
 25.99,
 21.99,
 15.99,
 20.99,
 14.99,
 16.99,
 20.99,
 10.99,
 10.99,
 21.99,
 11.99,
 12.99,
 25.99,
 26.99,
 17.99,
 19.99,
 17.99,
 27.99,
 21.99,
 22.99,
 11.99,
 16.99,
 10.99,
 12.99,
 26.99,
 11.99,
 16.99,
 22.99,
 13.99,
 22.99,
 22.99,
 17.99,
 27.99,
 13.99,
 20.99,
 15.99,
 19.99,
 13.99,
 11.99,
 14.99,
 9.99,
 16.99,
 25.99,
 22.99,
 28.99,
 13.99,
 28.99,
 27.99,
 27.99,
 21.99,
 29.99,
 12.99,
 26.99,
 21.99,
 19.99,
 17.99,
 28.99,
 19.99,
 28.99,
 25.99,
 24.99,
 24.99,
 13.99,
 26.99,
 12.99,
 14.99,
 16.99,
 20.99,
 9.99,
 27.99,
 13.99,
 10.99,
 9.99,
 9.99,
 9.99,
 19.99,
 24.99,
 23.99,
 21.99,
 25.99,
 13.99,
 18.99,
 23.99,
 16.99,
 27.99,
 19.99,
 16.99,
 18.99,
 20.99,
 28.99,
 9.99,
 22.99,
 13.99,
 14.99,
 24.99,
 23.99,
 22.99,
 18.99,
 20.99,
 25.99,
 25.99,
 16.99,
 23.99,
 17.99,
 20.99,
 13.99,
 14.99,
 23.99,
 10.99,
 22.99,
 23.99,
 21.99,
 21.99,
 22.99,
 12.99,
 14.99,
 27.99,
 24.99,
 27.99,
 15.99,
 16.99,
 16.99,
 23.99,
 16.99,
 16.99,
 22.99,
 15.99,
 12.99,
 19.99,
 20.99,
 20.99,
 20.99,
 29.99,
 14.99] | [12.99,
 25.99,
 25.99,
 17.99,
 25.99,
 17.99,
 24.99,
 27.99,
 17.99,
 17.99,
 22.99,
 14.99,
 9.99,
 20.99,
 25.99,
 18.99,
 29.99,
 20.99,
 15.99,
 28.99,
 16.99,
 16.99,
 20.99,
 27.99,
 18.99,
 19.99,
 22.99,
 16.99,
 10.99,
 17.99,
 29.99,
 21.99,
 12.99,
 19.99,
 26.99,
 27.99,
 26.99,
 23.99,
 28.99,
 14.99,
 19.99,
 14.99,
 29.99,
 9.99,
 25.99,
 17.99,
 18.99,
 20.99,
 11.99,
 14.99,
 22.99,
 28.99,
 22.99,
 28.99,
 29.99,
 26.99,
 21.99,
 23.99,
 15.99,
 10.99,
 9.99,
 29.99,
 12.99,
 15.99,
 11.99,
 29.99,
 17.99,
 24.99,
 14.99,
 17.99,
 26.99,
 16.99,
 23.99,
 27.99,
 23.99,
 12.99,
 18.99,
 24.99,
 12.99,
 13.99,
 25.99,
 26.99,
 26.99,
 20.99,
 13.99,
 10.99,
 24.99,
 18.99,
 12.99,
 26.99,
 11.99,
 21.99,
 20.99,
 26.99,
 17.99,
 22.99,
 11.99,
 11.99,
 23.99,
 29.99,
 28.99,
 24.99,
 22.99,
 11.99,
 24.99,
 23.99,
 27.99,
 29.99,
 20.99,
 24.99,
 22.99,
 9.99,
 27.99,
 13.99,
 13.99,
 17.99,
 17.99,
 15.99,
 13.99,
 21.99,
 17.99,
 28.99,
 12.99,
 22.99,
 18.99,
 18.99,
 23.99,
 19.99,
 16.99,
 13.99,
 17.99,
 13.99,
 21.99,
 29.99,
 22.99,
 19.99,
 17.99,
 28.99,
 9.99,
 16.99,
 14.99,
 14.99,
 9.99,
 23.99,
 29.99,
 27.99,
 17.99,
 15.99,
 18.99,
 27.99,
 20.99,
 9.99,
 28.99,
 18.99,
 12.99,
 23.99,
 14.99,
 14.99,
 12.99,
 13.99,
 28.99,
 11.99,
 24.99,
 18.99,
 25.99,
 27.99,
 26.99,
 27.99,
 19.99,
 14.99,
 10.99,
 23.99,
 20.99,
 20.99,
 26.99,
 24.99,
 13.99,
 12.99,
 24.99,
 25.99,
 22.99,
 12.99,
 21.99,
 20.99,
 17.99,
 23.99,
 15.99,
 16.99,
 22.99,
 11.99,
 22.99,
 22.99,
 10.99,
 12.99,
 27.99,
 21.99,
 14.99,
 29.99,
 17.99,
 18.99,
 29.99,
 19.99,
 11.99,
 12.99,
 28.99,
 9.99,
 11.99,
 11.99,
 21.99,
 23.99,
 11.99,
 27.99,
 11.99,
 28.99,
 21.99,
 10.99,
 26.99,
 10.99,
 14.99,
 27.99,
 28.99,
 22.99,
 28.99,
 10.99,
 25.99,
 10.99,
 15.99,
 16.99,
 20.99,
 15.99,
 25.99,
 12.99,
 26.99,
 12.99,
 12.99,
 12.99,
 19.99,
 27.99,
 28.99,
 19.99,
 22.99,
 28.99,
 15.99,
 27.99,
 11.99,
 18.99,
 22.99,
 19.99,
 19.99,
 22.99,
 17.99,
 24.99,
 17.99,
 11.99,
 28.99,
 12.99,
 9.99,
 11.99,
 28.99,
 25.99,
 21.99,
 15.99,
 20.99,
 14.99,
 16.99,
 20.99,
 10.99,
 10.99,
 21.99,
 11.99,
 12.99,
 25.99,
 26.99,
 17.99,
 19.99,
 17.99,
 27.99,
 21.99,
 22.99,
 11.99,
 16.99,
 10.99,
 12.99,
 26.99,
 11.99,
 16.99,
 22.99,
 13.99,
 22.99,
 22.99,
 17.99,
 27.99,
 13.99,
 20.99,
 15.99,
 19.99,
 13.99,
 11.99,
 14.99,
 9.99,
 16.99,
 25.99,
 22.99,
 28.99,
 13.99,
 28.99,
 27.99,
 27.99,
 21.99,
 29.99,
 12.99,
 26.99,
 21.99,
 19.99,
 17.99,
 28.99,
 19.99,
 28.99,
 25.99,
 24.99,
 24.99,
 13.99,
 26.99,
 12.99,
 14.99,
 16.99,
 20.99,
 9.99,
 27.99,
 13.99,
 10.99,
 9.99,
 9.99,
 9.99,
 19.99,
 24.99,
 23.99,
 21.99,
 25.99,
 13.99,
 18.99,
 23.99,
 16.99,
 27.99,
 19.99,
 16.99,
 18.99,
 20.99,
 28.99,
 9.99,
 22.99,
 13.99,
 14.99,
 24.99,
 23.99,
 22.99,
 18.99,
 20.99,
 25.99,
 25.99,
 16.99,
 23.99,
 17.99,
 20.99,
 13.99,
 14.99,
 23.99,
 10.99,
 22.99,
 23.99,
 21.99,
 21.99,
 22.99,
 12.99,
 14.99,
 27.99,
 24.99,
 27.99,
 15.99,
 16.99,
 16.99,
 23.99,
 16.99,
 16.99,
 22.99,
 15.99,
 12.99,
 19.99,
 20.99,
 20.99,
 20.99,
 29.99,
 14.99] ]</msg>
<msg timestamp="20220623 13:48:41.333" level="DEBUG">Test timeout 10 seconds active. 9.551 seconds left.</msg>
<msg timestamp="20220623 13:48:41.334" level="TRACE">Return: None</msg>
<status status="PASS" starttime="20220623 13:48:41.327" endtime="20220623 13:48:41.334"/>
</kw>
<kw name="Test Teardown" library="resource" type="TEARDOWN">
<msg timestamp="20220623 13:48:41.335" level="TRACE">Arguments: [  ]</msg>
<kw name="Delete All Sessions" library="Req">
<doc>Removes all the session objects</doc>
<msg timestamp="20220623 13:48:41.335" level="TRACE">Arguments: [  ]</msg>
<msg timestamp="20220623 13:48:41.335" level="INFO">Deleting All Sessions</msg>
<msg timestamp="20220623 13:48:41.335" level="TRACE">Return: None</msg>
<status status="PASS" starttime="20220623 13:48:41.335" endtime="20220623 13:48:41.335"/>
</kw>
<kw name="Disconnect From Postgresql" library="DB">
<doc>Close active PostgreSQL connection.
You will have to manually open or switch to a new connection.
Due to how ConnectionCache works, connection's index and alias are not removed from cache, so you are able to switch to
closed connection, if it was closed with Disconnect from Postgresql. It will still remain closed though.</doc>
<msg timestamp="20220623 13:48:41.335" level="TRACE">Arguments: [  ]</msg>
<msg timestamp="20220623 13:48:41.336" level="TRACE">Return: None</msg>
<status status="PASS" starttime="20220623 13:48:41.335" endtime="20220623 13:48:41.336"/>
</kw>
<msg timestamp="20220623 13:48:41.336" level="TRACE">Return: None</msg>
<status status="PASS" starttime="20220623 13:48:41.335" endtime="20220623 13:48:41.336"/>
</kw>
<tag>Customers and Products</tag>
<timeout value="10 seconds"/>
<status status="PASS" starttime="20220623 13:48:40.884" endtime="20220623 13:48:41.336"/>
</test>
<doc>Проверка поиска данных из нескольких таблиц</doc>
<meta name="Автор">Чекмарева Софья</meta>
<meta name="Номер домашнего задания">3.1</meta>
<meta name="Папка с логами">output1</meta>
<status status="PASS" starttime="20220623 13:48:40.451" endtime="20220623 13:48:41.337"/>
</suite>
<status status="PASS" starttime="20220623 13:48:40.421" endtime="20220623 13:48:41.339"/>
</suite>
<status status="PASS" starttime="20220623 13:48:40.419" endtime="20220623 13:48:41.340"/>
</suite>
<status status="PASS" starttime="20220623 13:48:40.391" endtime="20220623 13:48:41.341"/>
</suite>
<statistics>
<total>
<stat pass="1" fail="0" skip="0">All Tests</stat>
</total>
<tag>
<stat pass="1" fail="0" skip="0">Customers and Products</stat>
</tag>
<suite>
<stat pass="1" fail="0" skip="0" id="s1" name="Sofia">Sofia</stat>
<stat pass="1" fail="0" skip="0" id="s1-s1" name="PycharmProjects">Sofia.PycharmProjects</stat>
<stat pass="1" fail="0" skip="0" id="s1-s1-s1" name="Home task 3">Sofia.PycharmProjects.Home task 3</stat>
<stat pass="1" fail="0" skip="0" id="s1-s1-s1-s1" name="Finding data from multiple tables for hometask 3">Sofia.PycharmProjects.Home task 3.Finding data from multiple tables for hometask 3</stat>
</suite>
</statistics>
<errors>
</errors>
</robot>
