<?xml version="1.0" encoding="UTF-8"?>
<robot generator="Robot 5.0.1 (Python 3.10.4 on linux)" generated="20220623 13:49:02.989" rpa="false" schemaversion="3">
<suite id="s1" name="Sofia" source="/home/sofia">
<suite id="s1-s1" name="PycharmProjects" source="/home/sofia/PycharmProjects">
<suite id="s1-s1-s1" name="Home task 3" source="/home/sofia/PycharmProjects/Home_task_3">
<suite id="s1-s1-s1-s1" name="Changing Data Categories For Hometask 3" source="/home/sofia/PycharmProjects/Home_task_3/changing_data_categories_for_hometask_3.robot">
<test id="s1-s1-s1-s1-t1" name="Changing data" line="13">
<kw name="Test Setup" library="resource" type="SETUP">
<msg timestamp="20220623 13:49:03.343" level="TRACE">Arguments: [  ]</msg>
<kw name="Create Session" library="Req">
<arg>alias</arg>
<arg>http://localhost:3000</arg>
<doc>Create Session: create a HTTP session to a server</doc>
<msg timestamp="20220623 13:49:03.343" level="TRACE">Arguments: [ 'alias' | 'http://localhost:3000' ]</msg>
<msg timestamp="20220623 13:49:03.343" level="DEBUG">Test timeout 10 seconds active. 9.999 seconds left.</msg>
<msg timestamp="20220623 13:49:03.343" level="INFO">Creating Session using : alias=alias, url=http://localhost:3000, headers={},                     cookies={}, auth=None, timeout=None, proxies=None, verify=False,                     debug=0 </msg>
<msg timestamp="20220623 13:49:03.343" level="DEBUG">Creating session: alias</msg>
<msg timestamp="20220623 13:49:03.343" level="TRACE">Return: &lt;requests.sessions.Session object at 0x7fb54741e6e0&gt;</msg>
<status status="PASS" starttime="20220623 13:49:03.343" endtime="20220623 13:49:03.344"/>
</kw>
<kw name="Connect To Postgresql" library="DB">
<arg>app_db</arg>
<arg>app_user</arg>
<arg>password</arg>
<arg>localhost</arg>
<arg>5432</arg>
<doc>Connection to Postgres DB.</doc>
<msg timestamp="20220623 13:49:03.344" level="TRACE">Arguments: [ 'app_db' | 'app_user' | 'password' | 'localhost' | '5432' ]</msg>
<msg timestamp="20220623 13:49:03.344" level="DEBUG">Test timeout 10 seconds active. 9.998 seconds left.</msg>
<msg timestamp="20220623 13:49:03.344" level="DEBUG">Connecting using : dbhost=localhost, dbport=5432, dbname=app_db, dbusername=app_user, dbpassword=password, alias=None</msg>
<msg timestamp="20220623 13:49:03.360" level="TRACE">Return: 1</msg>
<status status="PASS" starttime="20220623 13:49:03.344" endtime="20220623 13:49:03.360"/>
</kw>
<msg timestamp="20220623 13:49:03.360" level="TRACE">Return: None</msg>
<status status="PASS" starttime="20220623 13:49:03.342" endtime="20220623 13:49:03.361"/>
</kw>
<kw name="Create Dictionary" library="BuiltIn">
<var>${new_data}</var>
<arg>category=17</arg>
<arg>categoryname=Thriller</arg>
<doc>Creates and returns a dictionary based on the given ``items``.</doc>
<msg timestamp="20220623 13:49:03.361" level="TRACE">Arguments: [ 'category=17' | 'categoryname=Thriller' ]</msg>
<msg timestamp="20220623 13:49:03.361" level="TRACE">Return: {'category': '17', 'categoryname': 'Thriller'}</msg>
<msg timestamp="20220623 13:49:03.361" level="INFO">${new_data} = {'category': '17', 'categoryname': 'Thriller'}</msg>
<status status="PASS" starttime="20220623 13:49:03.361" endtime="20220623 13:49:03.361"/>
</kw>
<kw name="Add New Data" library="cat">
<arg>alias</arg>
<arg>${new_data}</arg>
<arg>application/json</arg>
<msg timestamp="20220623 13:49:03.362" level="TRACE">Arguments: [ 'alias' | {'category': '17', 'categoryname': 'Thriller'} | 'application/json' ]</msg>
<msg timestamp="20220623 13:49:03.362" level="DEBUG">Test timeout 10 seconds active. 9.98 seconds left.</msg>
<msg timestamp="20220623 13:49:03.364" level="DEBUG">Starting new HTTP connection (1): localhost:3000</msg>
<msg timestamp="20220623 13:49:03.388" level="DEBUG">http://localhost:3000 "POST /categories HTTP/1.1" 201 None</msg>
<msg timestamp="20220623 13:49:03.389" level="INFO">POST Request : url=http://localhost:3000/categories 
 path_url=/categories 
 headers={'User-Agent': 'python-requests/2.28.0', 'Accept-Encoding': 'gzip, deflate', 'Accept': '*/*', 'Connection': 'keep-alive', 'Content-Length': '33', 'Content-Type': 'application/x-www-form-urlencoded'} 
 body=category=17&amp;categoryname=Thriller 
 </msg>
<msg timestamp="20220623 13:49:03.389" level="INFO">POST Response : url=http://localhost:3000/categories 
 status=201, reason=Created 
 headers={'Transfer-Encoding': 'chunked', 'Date': 'Thu, 23 Jun 2022 10:49:03 GMT', 'Server': 'postgrest/9.0.0', 'Content-Range': '*/*'} 
 body=None 
 </msg>
<msg timestamp="20220623 13:49:03.389" level="TRACE">Return: None</msg>
<status status="PASS" starttime="20220623 13:49:03.361" endtime="20220623 13:49:03.389"/>
</kw>
<kw name="Test Teardown" library="resource" type="TEARDOWN">
<msg timestamp="20220623 13:49:03.390" level="TRACE">Arguments: [  ]</msg>
<kw name="Delete All Sessions" library="Req">
<doc>Removes all the session objects</doc>
<msg timestamp="20220623 13:49:03.390" level="TRACE">Arguments: [  ]</msg>
<msg timestamp="20220623 13:49:03.390" level="INFO">Deleting All Sessions</msg>
<msg timestamp="20220623 13:49:03.390" level="TRACE">Return: None</msg>
<status status="PASS" starttime="20220623 13:49:03.390" endtime="20220623 13:49:03.390"/>
</kw>
<kw name="Disconnect From Postgresql" library="DB">
<doc>Close active PostgreSQL connection.
You will have to manually open or switch to a new connection.
Due to how ConnectionCache works, connection's index and alias are not removed from cache, so you are able to switch to
closed connection, if it was closed with Disconnect from Postgresql. It will still remain closed though.</doc>
<msg timestamp="20220623 13:49:03.390" level="TRACE">Arguments: [  ]</msg>
<msg timestamp="20220623 13:49:03.390" level="TRACE">Return: None</msg>
<status status="PASS" starttime="20220623 13:49:03.390" endtime="20220623 13:49:03.391"/>
</kw>
<msg timestamp="20220623 13:49:03.391" level="TRACE">Return: None</msg>
<status status="PASS" starttime="20220623 13:49:03.389" endtime="20220623 13:49:03.391"/>
</kw>
<tag>New data</tag>
<timeout value="10 seconds"/>
<status status="PASS" starttime="20220623 13:49:03.342" endtime="20220623 13:49:03.391"/>
</test>
<test id="s1-s1-s1-s1-t2" name="Check Horizontal Filtering" line="17">
<kw name="Test Setup" library="resource" type="SETUP">
<msg timestamp="20220623 13:49:03.392" level="TRACE">Arguments: [  ]</msg>
<kw name="Create Session" library="Req">
<arg>alias</arg>
<arg>http://localhost:3000</arg>
<doc>Create Session: create a HTTP session to a server</doc>
<msg timestamp="20220623 13:49:03.393" level="TRACE">Arguments: [ 'alias' | 'http://localhost:3000' ]</msg>
<msg timestamp="20220623 13:49:03.393" level="DEBUG">Test timeout 10 seconds active. 9.999 seconds left.</msg>
<msg timestamp="20220623 13:49:03.393" level="INFO">Creating Session using : alias=alias, url=http://localhost:3000, headers={},                     cookies={}, auth=None, timeout=None, proxies=None, verify=False,                     debug=0 </msg>
<msg timestamp="20220623 13:49:03.393" level="DEBUG">Creating session: alias</msg>
<msg timestamp="20220623 13:49:03.393" level="TRACE">Return: &lt;requests.sessions.Session object at 0x7fb54741e890&gt;</msg>
<status status="PASS" starttime="20220623 13:49:03.393" endtime="20220623 13:49:03.393"/>
</kw>
<kw name="Connect To Postgresql" library="DB">
<arg>app_db</arg>
<arg>app_user</arg>
<arg>password</arg>
<arg>localhost</arg>
<arg>5432</arg>
<doc>Connection to Postgres DB.</doc>
<msg timestamp="20220623 13:49:03.394" level="TRACE">Arguments: [ 'app_db' | 'app_user' | 'password' | 'localhost' | '5432' ]</msg>
<msg timestamp="20220623 13:49:03.394" level="DEBUG">Test timeout 10 seconds active. 9.998 seconds left.</msg>
<msg timestamp="20220623 13:49:03.394" level="DEBUG">Connecting using : dbhost=localhost, dbport=5432, dbname=app_db, dbusername=app_user, dbpassword=password, alias=None</msg>
<msg timestamp="20220623 13:49:03.413" level="TRACE">Return: 2</msg>
<status status="PASS" starttime="20220623 13:49:03.394" endtime="20220623 13:49:03.413"/>
</kw>
<msg timestamp="20220623 13:49:03.413" level="TRACE">Return: None</msg>
<status status="PASS" starttime="20220623 13:49:03.392" endtime="20220623 13:49:03.413"/>
</kw>
<kw name="Get Category And Categoryname From PostgRest" library="cat">
<var>${category}</var>
<var>${categoryname}</var>
<arg>alias</arg>
<arg>200</arg>
<msg timestamp="20220623 13:49:03.413" level="TRACE">Arguments: [ 'alias' | '200' ]</msg>
<msg timestamp="20220623 13:49:03.413" level="DEBUG">Test timeout 10 seconds active. 9.978 seconds left.</msg>
<msg timestamp="20220623 13:49:03.415" level="DEBUG">Starting new HTTP connection (1): localhost:3000</msg>
<msg timestamp="20220623 13:49:03.444" level="DEBUG">http://localhost:3000 "GET /categories HTTP/1.1" 200 None</msg>
<msg timestamp="20220623 13:49:03.444" level="INFO">GET Request : url=http://localhost:3000/categories 
 path_url=/categories 
 headers={'User-Agent': 'python-requests/2.28.0', 'Accept-Encoding': 'gzip, deflate', 'Accept': '*/*', 'Connection': 'keep-alive'} 
 body=None 
 </msg>
<msg timestamp="20220623 13:49:03.444" level="INFO">GET Response : url=http://localhost:3000/categories 
 status=200, reason=OK 
 headers={'Transfer-Encoding': 'chunked', 'Date': 'Thu, 23 Jun 2022 10:49:03 GMT', 'Server': 'postgrest/9.0.0', 'Content-Range': '0-16/*', 'Content-Location': '/categories', 'Content-Type': 'application/json; charset=utf-8'} 
 body=[{"category":1,"categoryname":"Action"}, 
 {"category":2,"categoryname":"Animation"}, 
 {"category":3,"categoryname":"Children"}, 
 {"category":4,"categoryname":"Classics"}, 
 {"category":5,"categoryname":"Comedy"}, 
 {"category":6,"categoryname":"Documentary"}, 
 {"category":7,"categoryname":"Drama"}, 
 {"category":8,"categoryname":"Family"}, 
 {"category":9,"categoryname":"Foreign"}, 
 {"category":10,"categoryname":"Games"}, 
 {"category":11,"categoryname":"Horror"}, 
 {"category":12,"categoryname":"Music"}, 
 {"category":13,"categoryname":"New"}, 
 {"category":14,"categoryname":"Sci-Fi"}, 
 {"category":15,"categoryname":"Sports"}, 
 {"category":16,"categoryname":"Travel"}, 
 {"category":17,"categoryname":"Thriller"}] 
 </msg>
<msg timestamp="20220623 13:49:03.530" level="TRACE">Return: ([1, 2, 3, 4, 5, 6, 7, 8, 9, 10, 11, 12, 13, 14, 15, 16, 17],
 ['Action',
  'Animation',
  'Children',
  'Classics',
  'Comedy',
  'Documentary',
  'Drama',
  'Family',
  'Foreign',
  'Games',
  'Horror',
  'Music',
  'New',
  'Sci-Fi',
  'Sports',
  'Travel',
  'Thriller'])</msg>
<msg timestamp="20220623 13:49:03.531" level="INFO">${category} = [1, 2, 3, 4, 5, 6, 7, 8, 9, 10, 11, 12, 13, 14, 15, 16, 17]</msg>
<msg timestamp="20220623 13:49:03.531" level="INFO">${categoryname} = ['Action', 'Animation', 'Children', 'Classics', 'Comedy', 'Documentary', 'Drama', 'Family', 'Foreign', 'Games', 'Horror', 'Music', 'New', 'Sci-Fi', 'Sports', 'Travel', 'Thriller']</msg>
<status status="PASS" starttime="20220623 13:49:03.413" endtime="20220623 13:49:03.531"/>
</kw>
<kw name="Get Category And Categoryname From DB" library="cat">
<var>${result}</var>
<msg timestamp="20220623 13:49:03.531" level="TRACE">Arguments: [  ]</msg>
<msg timestamp="20220623 13:49:03.531" level="DEBUG">Test timeout 10 seconds active. 9.86 seconds left.</msg>
<msg timestamp="20220623 13:49:03.531" level="INFO" html="true">&lt;details&gt;&lt;summary&gt;Running PL/PGSQL statement&lt;/summary&gt;&lt;p&gt;SELECT * FROM bootcamp.categories&lt;/p&gt;&lt;/details&gt;</msg>
<msg timestamp="20220623 13:49:03.532" level="INFO" html="true">&lt;details&gt;&lt;summary&gt;SQL Query Result&lt;/summary&gt;&lt;p&gt;[{&amp;#x27;category&amp;#x27;: 1, &amp;#x27;categoryname&amp;#x27;: &amp;#x27;Action&amp;#x27;}, {&amp;#x27;category&amp;#x27;: 2, &amp;#x27;categoryname&amp;#x27;: &amp;#x27;Animation&amp;#x27;}, {&amp;#x27;category&amp;#x27;: 3, &amp;#x27;categoryname&amp;#x27;: &amp;#x27;Children&amp;#x27;}, {&amp;#x27;category&amp;#x27;: 4, &amp;#x27;categoryname&amp;#x27;: &amp;#x27;Classics&amp;#x27;}, {&amp;#x27;category&amp;#x27;: 5, &amp;#x27;categoryname&amp;#x27;: &amp;#x27;Comedy&amp;#x27;}, {&amp;#x27;category&amp;#x27;: 6, &amp;#x27;categoryname&amp;#x27;: &amp;#x27;Documentary&amp;#x27;}, {&amp;#x27;category&amp;#x27;: 7, &amp;#x27;categoryname&amp;#x27;: &amp;#x27;Drama&amp;#x27;}, {&amp;#x27;category&amp;#x27;: 8, &amp;#x27;categoryname&amp;#x27;: &amp;#x27;Family&amp;#x27;}, {&amp;#x27;category&amp;#x27;: 9, &amp;#x27;categoryname&amp;#x27;: &amp;#x27;Foreign&amp;#x27;}, {&amp;#x27;category&amp;#x27;: 10, &amp;#x27;categoryname&amp;#x27;: &amp;#x27;Games&amp;#x27;}]&lt;/p&gt;&lt;/details&gt;</msg>
<msg timestamp="20220623 13:49:03.536" level="TRACE">Return: [{'category': 1, 'categoryname': 'Action'},
 {'category': 2, 'categoryname': 'Animation'},
 {'category': 3, 'categoryname': 'Children'},
 {'category': 4, 'categoryname': 'Classics'},
 {'category': 5, 'categoryname': 'Comedy'},
 {'category': 6, 'categoryname': 'Documentary'},
 {'category': 7, 'categoryname': 'Drama'},
 {'category': 8, 'categoryname': 'Family'},
 {'category': 9, 'categoryname': 'Foreign'},
 {'category': 10, 'categoryname': 'Games'},
 {'category': 11, 'categoryname': 'Horror'},
 {'category': 12, 'categoryname': 'Music'},
 {'category': 13, 'categoryname': 'New'},
 {'category': 14, 'categoryname': 'Sci-Fi'},
 {'category': 15, 'categoryname': 'Sports'},
 {'category': 16, 'categoryname': 'Travel'},
 {'category': 17, 'categoryname': 'Thriller'}]</msg>
<msg timestamp="20220623 13:49:03.537" level="INFO">${result} = [{'category': 1, 'categoryname': 'Action'}, {'category': 2, 'categoryname': 'Animation'}, {'category': 3, 'categoryname': 'Children'}, {'category': 4, 'categoryname': 'Classics'}, {'category': 5, 'cat...</msg>
<status status="PASS" starttime="20220623 13:49:03.531" endtime="20220623 13:49:03.537"/>
</kw>
<kw name="Get Columns" library="cat">
<var>${category_db}</var>
<var>${categoryname_db}</var>
<arg>${result}</arg>
<msg timestamp="20220623 13:49:03.537" level="TRACE">Arguments: [ [{'category': 1, 'categoryname': 'Action'},
 {'category': 2, 'categoryname': 'Animation'},
 {'category': 3, 'categoryname': 'Children'},
 {'category': 4, 'categoryname': 'Classics'},
 {'category': 5, 'categoryname': 'Comedy'},
 {'category': 6, 'categoryname': 'Documentary'},
 {'category': 7, 'categoryname': 'Drama'},
 {'category': 8, 'categoryname': 'Family'},
 {'category': 9, 'categoryname': 'Foreign'},
 {'category': 10, 'categoryname': 'Games'},
 {'category': 11, 'categoryname': 'Horror'},
 {'category': 12, 'categoryname': 'Music'},
 {'category': 13, 'categoryname': 'New'},
 {'category': 14, 'categoryname': 'Sci-Fi'},
 {'category': 15, 'categoryname': 'Sports'},
 {'category': 16, 'categoryname': 'Travel'},
 {'category': 17, 'categoryname': 'Thriller'}] ]</msg>
<msg timestamp="20220623 13:49:03.538" level="DEBUG">Test timeout 10 seconds active. 9.854 seconds left.</msg>
<msg timestamp="20220623 13:49:03.538" level="TRACE">Return: ([1, 2, 3, 4, 5, 6, 7, 8, 9, 10, 11, 12, 13, 14, 15, 16, 17],
 ['Action',
  'Animation',
  'Children',
  'Classics',
  'Comedy',
  'Documentary',
  'Drama',
  'Family',
  'Foreign',
  'Games',
  'Horror',
  'Music',
  'New',
  'Sci-Fi',
  'Sports',
  'Travel',
  'Thriller'])</msg>
<msg timestamp="20220623 13:49:03.538" level="INFO">${category_db} = [1, 2, 3, 4, 5, 6, 7, 8, 9, 10, 11, 12, 13, 14, 15, 16, 17]</msg>
<msg timestamp="20220623 13:49:03.538" level="INFO">${categoryname_db} = ['Action', 'Animation', 'Children', 'Classics', 'Comedy', 'Documentary', 'Drama', 'Family', 'Foreign', 'Games', 'Horror', 'Music', 'New', 'Sci-Fi', 'Sports', 'Travel', 'Thriller']</msg>
<status status="PASS" starttime="20220623 13:49:03.537" endtime="20220623 13:49:03.539"/>
</kw>
<kw name="Lists Should Be Equal" library="Col">
<arg>${category}</arg>
<arg>${category_db}</arg>
<doc>Fails if given lists are unequal.</doc>
<msg timestamp="20220623 13:49:03.539" level="TRACE">Arguments: [ [1, 2, 3, 4, 5, 6, 7, 8, 9, 10, 11, 12, 13, 14, 15, 16, 17] | [1, 2, 3, 4, 5, 6, 7, 8, 9, 10, 11, 12, 13, 14, 15, 16, 17] ]</msg>
<msg timestamp="20220623 13:49:03.539" level="DEBUG">Test timeout 10 seconds active. 9.852 seconds left.</msg>
<msg timestamp="20220623 13:49:03.539" level="TRACE">Return: None</msg>
<status status="PASS" starttime="20220623 13:49:03.539" endtime="20220623 13:49:03.539"/>
</kw>
<kw name="Lists Should Be Equal" library="Col">
<arg>${categoryname}</arg>
<arg>${categoryname_db}</arg>
<doc>Fails if given lists are unequal.</doc>
<msg timestamp="20220623 13:49:03.540" level="TRACE">Arguments: [ ['Action',
 'Animation',
 'Children',
 'Classics',
 'Comedy',
 'Documentary',
 'Drama',
 'Family',
 'Foreign',
 'Games',
 'Horror',
 'Music',
 'New',
 'Sci-Fi',
 'Sports',
 'Travel',
 'Thriller'] | ['Action',
 'Animation',
 'Children',
 'Classics',
 'Comedy',
 'Documentary',
 'Drama',
 'Family',
 'Foreign',
 'Games',
 'Horror',
 'Music',
 'New',
 'Sci-Fi',
 'Sports',
 'Travel',
 'Thriller'] ]</msg>
<msg timestamp="20220623 13:49:03.540" level="DEBUG">Test timeout 10 seconds active. 9.851 seconds left.</msg>
<msg timestamp="20220623 13:49:03.540" level="TRACE">Return: None</msg>
<status status="PASS" starttime="20220623 13:49:03.540" endtime="20220623 13:49:03.540"/>
</kw>
<kw name="Test Teardown" library="resource" type="TEARDOWN">
<msg timestamp="20220623 13:49:03.541" level="TRACE">Arguments: [  ]</msg>
<kw name="Delete All Sessions" library="Req">
<doc>Removes all the session objects</doc>
<msg timestamp="20220623 13:49:03.541" level="TRACE">Arguments: [  ]</msg>
<msg timestamp="20220623 13:49:03.541" level="INFO">Deleting All Sessions</msg>
<msg timestamp="20220623 13:49:03.541" level="TRACE">Return: None</msg>
<status status="PASS" starttime="20220623 13:49:03.541" endtime="20220623 13:49:03.541"/>
</kw>
<kw name="Disconnect From Postgresql" library="DB">
<doc>Close active PostgreSQL connection.
You will have to manually open or switch to a new connection.
Due to how ConnectionCache works, connection's index and alias are not removed from cache, so you are able to switch to
closed connection, if it was closed with Disconnect from Postgresql. It will still remain closed though.</doc>
<msg timestamp="20220623 13:49:03.542" level="TRACE">Arguments: [  ]</msg>
<msg timestamp="20220623 13:49:03.542" level="TRACE">Return: None</msg>
<status status="PASS" starttime="20220623 13:49:03.542" endtime="20220623 13:49:03.542"/>
</kw>
<msg timestamp="20220623 13:49:03.542" level="TRACE">Return: None</msg>
<status status="PASS" starttime="20220623 13:49:03.541" endtime="20220623 13:49:03.542"/>
</kw>
<tag>Сategory and Сategoryname</tag>
<timeout value="10 seconds"/>
<status status="PASS" starttime="20220623 13:49:03.392" endtime="20220623 13:49:03.542"/>
</test>
<doc>Проверка поиска данных из нескольких таблиц</doc>
<meta name="Автор">Чекмарева Софья</meta>
<meta name="Номер домашнего задания">3.2</meta>
<meta name="Папка с логами">output2</meta>
<status status="PASS" starttime="20220623 13:49:03.075" endtime="20220623 13:49:03.543"/>
</suite>
<status status="PASS" starttime="20220623 13:49:03.049" endtime="20220623 13:49:03.544"/>
</suite>
<status status="PASS" starttime="20220623 13:49:03.046" endtime="20220623 13:49:03.545"/>
</suite>
<status status="PASS" starttime="20220623 13:49:02.999" endtime="20220623 13:49:03.546"/>
</suite>
<statistics>
<total>
<stat pass="2" fail="0" skip="0">All Tests</stat>
</total>
<tag>
<stat pass="1" fail="0" skip="0">New data</stat>
<stat pass="1" fail="0" skip="0">Сategory and Сategoryname</stat>
</tag>
<suite>
<stat pass="2" fail="0" skip="0" id="s1" name="Sofia">Sofia</stat>
<stat pass="2" fail="0" skip="0" id="s1-s1" name="PycharmProjects">Sofia.PycharmProjects</stat>
<stat pass="2" fail="0" skip="0" id="s1-s1-s1" name="Home task 3">Sofia.PycharmProjects.Home task 3</stat>
<stat pass="2" fail="0" skip="0" id="s1-s1-s1-s1" name="Changing Data Categories For Hometask 3">Sofia.PycharmProjects.Home task 3.Changing Data Categories For Hometask 3</stat>
</suite>
</statistics>
<errors>
</errors>
</robot>
