<?xml version="1.0" encoding="UTF-8"?>
<robot generator="Robot 5.0.1 (Python 3.10.4 on linux)" generated="20220623 14:34:06.475" rpa="false" schemaversion="3">
<suite id="s1" name="Sofia" source="/home/sofia">
<suite id="s1-s1" name="PycharmProjects" source="/home/sofia/PycharmProjects">
<suite id="s1-s1-s1" name="Home task 3" source="/home/sofia/PycharmProjects/Home_task_3">
<suite id="s1-s1-s1-s1" name="Changing Data Categories For Hometask 3" source="/home/sofia/PycharmProjects/Home_task_3/changing_data_categories_for_hometask_3.robot">
<test id="s1-s1-s1-s1-t1" name="Changing data" line="13">
<kw name="Test Setup" library="resource" type="SETUP">
<msg timestamp="20220623 14:34:08.171" level="TRACE">Arguments: [  ]</msg>
<kw name="Create Session" library="Req">
<arg>alias</arg>
<arg>http://localhost:3000</arg>
<doc>Create Session: create a HTTP session to a server</doc>
<msg timestamp="20220623 14:34:08.171" level="TRACE">Arguments: [ 'alias' | 'http://localhost:3000' ]</msg>
<msg timestamp="20220623 14:34:08.172" level="DEBUG">Test timeout 10 seconds active. 9.998 seconds left.</msg>
<msg timestamp="20220623 14:34:08.172" level="INFO">Creating Session using : alias=alias, url=http://localhost:3000, headers={},                     cookies={}, auth=None, timeout=None, proxies=None, verify=False,                     debug=0 </msg>
<msg timestamp="20220623 14:34:08.172" level="DEBUG">Creating session: alias</msg>
<msg timestamp="20220623 14:34:08.172" level="TRACE">Return: &lt;requests.sessions.Session object at 0x7f7fade1f0a0&gt;</msg>
<status status="PASS" starttime="20220623 14:34:08.171" endtime="20220623 14:34:08.172"/>
</kw>
<kw name="Connect To Postgresql" library="DB">
<arg>app_db</arg>
<arg>app_user</arg>
<arg>password</arg>
<arg>localhost</arg>
<arg>5432</arg>
<doc>Connection to Postgres DB.</doc>
<msg timestamp="20220623 14:34:08.173" level="TRACE">Arguments: [ 'app_db' | 'app_user' | 'password' | 'localhost' | '5432' ]</msg>
<msg timestamp="20220623 14:34:08.173" level="DEBUG">Test timeout 10 seconds active. 9.996 seconds left.</msg>
<msg timestamp="20220623 14:34:08.173" level="DEBUG">Connecting using : dbhost=localhost, dbport=5432, dbname=app_db, dbusername=app_user, dbpassword=password, alias=None</msg>
<msg timestamp="20220623 14:34:08.288" level="TRACE">Return: 1</msg>
<status status="PASS" starttime="20220623 14:34:08.172" endtime="20220623 14:34:08.288"/>
</kw>
<msg timestamp="20220623 14:34:08.288" level="TRACE">Return: None</msg>
<status status="PASS" starttime="20220623 14:34:08.171" endtime="20220623 14:34:08.288"/>
</kw>
<kw name="Create Dictionary" library="BuiltIn">
<var>${new_data}</var>
<arg>category=17</arg>
<arg>categoryname=Thriller</arg>
<doc>Creates and returns a dictionary based on the given ``items``.</doc>
<msg timestamp="20220623 14:34:08.288" level="TRACE">Arguments: [ 'category=17' | 'categoryname=Thriller' ]</msg>
<msg timestamp="20220623 14:34:08.290" level="TRACE">Return: {'category': '17', 'categoryname': 'Thriller'}</msg>
<msg timestamp="20220623 14:34:08.290" level="INFO">${new_data} = {'category': '17', 'categoryname': 'Thriller'}</msg>
<status status="PASS" starttime="20220623 14:34:08.288" endtime="20220623 14:34:08.290"/>
</kw>
<kw name="Add New Data" library="cat">
<arg>alias</arg>
<arg>new_data=${new_data}</arg>
<arg>json=application/json</arg>
<msg timestamp="20220623 14:34:08.291" level="TRACE">Arguments: [ 'alias' | new_data={'category': '17', 'categoryname': 'Thriller'} | json='application/json' ]</msg>
<msg timestamp="20220623 14:34:08.291" level="DEBUG">Test timeout 10 seconds active. 9.879 seconds left.</msg>
<msg timestamp="20220623 14:34:08.293" level="DEBUG">Starting new HTTP connection (1): localhost:3000</msg>
<msg timestamp="20220623 14:34:08.436" level="DEBUG">http://localhost:3000 "POST /categories HTTP/1.1" 201 None</msg>
<msg timestamp="20220623 14:34:08.436" level="INFO">POST Request : url=http://localhost:3000/categories 
 path_url=/categories 
 headers={'User-Agent': 'python-requests/2.28.0', 'Accept-Encoding': 'gzip, deflate', 'Accept': '*/*', 'Connection': 'keep-alive', 'Content-Length': '33', 'Content-Type': 'application/x-www-form-urlencoded'} 
 body=category=17&amp;categoryname=Thriller 
 </msg>
<msg timestamp="20220623 14:34:08.436" level="INFO">POST Response : url=http://localhost:3000/categories 
 status=201, reason=Created 
 headers={'Transfer-Encoding': 'chunked', 'Date': 'Thu, 23 Jun 2022 11:34:08 GMT', 'Server': 'postgrest/9.0.0', 'Content-Range': '*/*'} 
 body=None 
 </msg>
<msg timestamp="20220623 14:34:08.436" level="TRACE">Return: None</msg>
<status status="PASS" starttime="20220623 14:34:08.290" endtime="20220623 14:34:08.437"/>
</kw>
<kw name="Test Teardown" library="resource" type="TEARDOWN">
<msg timestamp="20220623 14:34:08.437" level="TRACE">Arguments: [  ]</msg>
<kw name="Delete All Sessions" library="Req">
<doc>Removes all the session objects</doc>
<msg timestamp="20220623 14:34:08.437" level="TRACE">Arguments: [  ]</msg>
<msg timestamp="20220623 14:34:08.437" level="INFO">Deleting All Sessions</msg>
<msg timestamp="20220623 14:34:08.437" level="TRACE">Return: None</msg>
<status status="PASS" starttime="20220623 14:34:08.437" endtime="20220623 14:34:08.438"/>
</kw>
<kw name="Disconnect From Postgresql" library="DB">
<doc>Close active PostgreSQL connection.
You will have to manually open or switch to a new connection.
Due to how ConnectionCache works, connection's index and alias are not removed from cache, so you are able to switch to
closed connection, if it was closed with Disconnect from Postgresql. It will still remain closed though.</doc>
<msg timestamp="20220623 14:34:08.438" level="TRACE">Arguments: [  ]</msg>
<msg timestamp="20220623 14:34:08.438" level="TRACE">Return: None</msg>
<status status="PASS" starttime="20220623 14:34:08.438" endtime="20220623 14:34:08.438"/>
</kw>
<msg timestamp="20220623 14:34:08.438" level="TRACE">Return: None</msg>
<status status="PASS" starttime="20220623 14:34:08.437" endtime="20220623 14:34:08.438"/>
</kw>
<tag>New data</tag>
<timeout value="10 seconds"/>
<status status="PASS" starttime="20220623 14:34:08.169" endtime="20220623 14:34:08.438"/>
</test>
<test id="s1-s1-s1-s1-t2" name="Check Horizontal Filtering" line="17">
<kw name="Test Setup" library="resource" type="SETUP">
<msg timestamp="20220623 14:34:08.440" level="TRACE">Arguments: [  ]</msg>
<kw name="Create Session" library="Req">
<arg>alias</arg>
<arg>http://localhost:3000</arg>
<doc>Create Session: create a HTTP session to a server</doc>
<msg timestamp="20220623 14:34:08.440" level="TRACE">Arguments: [ 'alias' | 'http://localhost:3000' ]</msg>
<msg timestamp="20220623 14:34:08.441" level="DEBUG">Test timeout 10 seconds active. 9.998 seconds left.</msg>
<msg timestamp="20220623 14:34:08.441" level="INFO">Creating Session using : alias=alias, url=http://localhost:3000, headers={},                     cookies={}, auth=None, timeout=None, proxies=None, verify=False,                     debug=0 </msg>
<msg timestamp="20220623 14:34:08.441" level="DEBUG">Creating session: alias</msg>
<msg timestamp="20220623 14:34:08.441" level="TRACE">Return: &lt;requests.sessions.Session object at 0x7f7fade1eef0&gt;</msg>
<status status="PASS" starttime="20220623 14:34:08.440" endtime="20220623 14:34:08.441"/>
</kw>
<kw name="Connect To Postgresql" library="DB">
<arg>app_db</arg>
<arg>app_user</arg>
<arg>password</arg>
<arg>localhost</arg>
<arg>5432</arg>
<doc>Connection to Postgres DB.</doc>
<msg timestamp="20220623 14:34:08.442" level="TRACE">Arguments: [ 'app_db' | 'app_user' | 'password' | 'localhost' | '5432' ]</msg>
<msg timestamp="20220623 14:34:08.442" level="DEBUG">Test timeout 10 seconds active. 9.997 seconds left.</msg>
<msg timestamp="20220623 14:34:08.442" level="DEBUG">Connecting using : dbhost=localhost, dbport=5432, dbname=app_db, dbusername=app_user, dbpassword=password, alias=None</msg>
<msg timestamp="20220623 14:34:08.458" level="TRACE">Return: 2</msg>
<status status="PASS" starttime="20220623 14:34:08.441" endtime="20220623 14:34:08.458"/>
</kw>
<msg timestamp="20220623 14:34:08.458" level="TRACE">Return: None</msg>
<status status="PASS" starttime="20220623 14:34:08.440" endtime="20220623 14:34:08.458"/>
</kw>
<kw name="Get Category And Categoryname From PostgRest" library="cat">
<var>${category}</var>
<var>${categoryname}</var>
<arg>alias</arg>
<arg>expected_status=200</arg>
<msg timestamp="20220623 14:34:08.458" level="TRACE">Arguments: [ 'alias' | expected_status='200' ]</msg>
<msg timestamp="20220623 14:34:08.459" level="DEBUG">Test timeout 10 seconds active. 9.98 seconds left.</msg>
<msg timestamp="20220623 14:34:08.460" level="DEBUG">Starting new HTTP connection (1): localhost:3000</msg>
<msg timestamp="20220623 14:34:08.463" level="DEBUG">http://localhost:3000 "GET /categories HTTP/1.1" 200 None</msg>
<msg timestamp="20220623 14:34:08.463" level="INFO">GET Request : url=http://localhost:3000/categories 
 path_url=/categories 
 headers={'User-Agent': 'python-requests/2.28.0', 'Accept-Encoding': 'gzip, deflate', 'Accept': '*/*', 'Connection': 'keep-alive'} 
 body=None 
 </msg>
<msg timestamp="20220623 14:34:08.463" level="INFO">GET Response : url=http://localhost:3000/categories 
 status=200, reason=OK 
 headers={'Transfer-Encoding': 'chunked', 'Date': 'Thu, 23 Jun 2022 11:34:08 GMT', 'Server': 'postgrest/9.0.0', 'Content-Range': '0-16/*', 'Content-Location': '/categories', 'Content-Type': 'application/json; charset=utf-8'} 
 body=[{"category":1,"categoryname":"Action"}, 
 {"category":2,"categoryname":"Animation"}, 
 {"category":3,"categoryname":"Children"}, 
 {"category":4,"categoryname":"Classics"}, 
 {"category":5,"categoryname":"Comedy"}, 
 {"category":6,"categoryname":"Documentary"}, 
 {"category":7,"categoryname":"Drama"}, 
 {"category":8,"categoryname":"Family"}, 
 {"category":9,"categoryname":"Foreign"}, 
 {"category":10,"categoryname":"Games"}, 
 {"category":11,"categoryname":"Horror"}, 
 {"category":12,"categoryname":"Music"}, 
 {"category":13,"categoryname":"New"}, 
 {"category":14,"categoryname":"Sci-Fi"}, 
 {"category":15,"categoryname":"Sports"}, 
 {"category":16,"categoryname":"Travel"}, 
 {"category":17,"categoryname":"Thriller"}] 
 </msg>
<msg timestamp="20220623 14:34:08.634" level="TRACE">Return: ([1, 2, 3, 4, 5, 6, 7, 8, 9, 10, 11, 12, 13, 14, 15, 16, 17],
 ['Action',
  'Animation',
  'Children',
  'Classics',
  'Comedy',
  'Documentary',
  'Drama',
  'Family',
  'Foreign',
  'Games',
  'Horror',
  'Music',
  'New',
  'Sci-Fi',
  'Sports',
  'Travel',
  'Thriller'])</msg>
<msg timestamp="20220623 14:34:08.634" level="INFO">${category} = [1, 2, 3, 4, 5, 6, 7, 8, 9, 10, 11, 12, 13, 14, 15, 16, 17]</msg>
<msg timestamp="20220623 14:34:08.634" level="INFO">${categoryname} = ['Action', 'Animation', 'Children', 'Classics', 'Comedy', 'Documentary', 'Drama', 'Family', 'Foreign', 'Games', 'Horror', 'Music', 'New', 'Sci-Fi', 'Sports', 'Travel', 'Thriller']</msg>
<status status="PASS" starttime="20220623 14:34:08.458" endtime="20220623 14:34:08.634"/>
</kw>
<kw name="Get Category And Categoryname From DB" library="cat">
<var>${result}</var>
<msg timestamp="20220623 14:34:08.634" level="TRACE">Arguments: [  ]</msg>
<msg timestamp="20220623 14:34:08.634" level="DEBUG">Test timeout 10 seconds active. 9.805 seconds left.</msg>
<msg timestamp="20220623 14:34:08.634" level="INFO" html="true">&lt;details&gt;&lt;summary&gt;Running PL/PGSQL statement&lt;/summary&gt;&lt;p&gt;SELECT * FROM bootcamp.categories&lt;/p&gt;&lt;/details&gt;</msg>
<msg timestamp="20220623 14:34:08.635" level="INFO" html="true">&lt;details&gt;&lt;summary&gt;SQL Query Result&lt;/summary&gt;&lt;p&gt;[{&amp;#x27;category&amp;#x27;: 1, &amp;#x27;categoryname&amp;#x27;: &amp;#x27;Action&amp;#x27;}, {&amp;#x27;category&amp;#x27;: 2, &amp;#x27;categoryname&amp;#x27;: &amp;#x27;Animation&amp;#x27;}, {&amp;#x27;category&amp;#x27;: 3, &amp;#x27;categoryname&amp;#x27;: &amp;#x27;Children&amp;#x27;}, {&amp;#x27;category&amp;#x27;: 4, &amp;#x27;categoryname&amp;#x27;: &amp;#x27;Classics&amp;#x27;}, {&amp;#x27;category&amp;#x27;: 5, &amp;#x27;categoryname&amp;#x27;: &amp;#x27;Comedy&amp;#x27;}, {&amp;#x27;category&amp;#x27;: 6, &amp;#x27;categoryname&amp;#x27;: &amp;#x27;Documentary&amp;#x27;}, {&amp;#x27;category&amp;#x27;: 7, &amp;#x27;categoryname&amp;#x27;: &amp;#x27;Drama&amp;#x27;}, {&amp;#x27;category&amp;#x27;: 8, &amp;#x27;categoryname&amp;#x27;: &amp;#x27;Family&amp;#x27;}, {&amp;#x27;category&amp;#x27;: 9, &amp;#x27;categoryname&amp;#x27;: &amp;#x27;Foreign&amp;#x27;}, {&amp;#x27;category&amp;#x27;: 10, &amp;#x27;categoryname&amp;#x27;: &amp;#x27;Games&amp;#x27;}]&lt;/p&gt;&lt;/details&gt;</msg>
<msg timestamp="20220623 14:34:08.636" level="TRACE">Return: [{'category': 1, 'categoryname': 'Action'},
 {'category': 2, 'categoryname': 'Animation'},
 {'category': 3, 'categoryname': 'Children'},
 {'category': 4, 'categoryname': 'Classics'},
 {'category': 5, 'categoryname': 'Comedy'},
 {'category': 6, 'categoryname': 'Documentary'},
 {'category': 7, 'categoryname': 'Drama'},
 {'category': 8, 'categoryname': 'Family'},
 {'category': 9, 'categoryname': 'Foreign'},
 {'category': 10, 'categoryname': 'Games'},
 {'category': 11, 'categoryname': 'Horror'},
 {'category': 12, 'categoryname': 'Music'},
 {'category': 13, 'categoryname': 'New'},
 {'category': 14, 'categoryname': 'Sci-Fi'},
 {'category': 15, 'categoryname': 'Sports'},
 {'category': 16, 'categoryname': 'Travel'},
 {'category': 17, 'categoryname': 'Thriller'}]</msg>
<msg timestamp="20220623 14:34:08.636" level="INFO">${result} = [{'category': 1, 'categoryname': 'Action'}, {'category': 2, 'categoryname': 'Animation'}, {'category': 3, 'categoryname': 'Children'}, {'category': 4, 'categoryname': 'Classics'}, {'category': 5, 'cat...</msg>
<status status="PASS" starttime="20220623 14:34:08.634" endtime="20220623 14:34:08.636"/>
</kw>
<kw name="Get Columns" library="cat">
<var>${category_db}</var>
<var>${categoryname_db}</var>
<arg>data=${result}</arg>
<msg timestamp="20220623 14:34:08.637" level="TRACE">Arguments: [ data=[{'category': 1, 'categoryname': 'Action'},
 {'category': 2, 'categoryname': 'Animation'},
 {'category': 3, 'categoryname': 'Children'},
 {'category': 4, 'categoryname': 'Classics'},
 {'category': 5, 'categoryname': 'Comedy'},
 {'category': 6, 'categoryname': 'Documentary'},
 {'category': 7, 'categoryname': 'Drama'},
 {'category': 8, 'categoryname': 'Family'},
 {'category': 9, 'categoryname': 'Foreign'},
 {'category': 10, 'categoryname': 'Games'},
 {'category': 11, 'categoryname': 'Horror'},
 {'category': 12, 'categoryname': 'Music'},
 {'category': 13, 'categoryname': 'New'},
 {'category': 14, 'categoryname': 'Sci-Fi'},
 {'category': 15, 'categoryname': 'Sports'},
 {'category': 16, 'categoryname': 'Travel'},
 {'category': 17, 'categoryname': 'Thriller'}] ]</msg>
<msg timestamp="20220623 14:34:08.637" level="DEBUG">Test timeout 10 seconds active. 9.802 seconds left.</msg>
<msg timestamp="20220623 14:34:08.637" level="TRACE">Return: ([1, 2, 3, 4, 5, 6, 7, 8, 9, 10, 11, 12, 13, 14, 15, 16, 17],
 ['Action',
  'Animation',
  'Children',
  'Classics',
  'Comedy',
  'Documentary',
  'Drama',
  'Family',
  'Foreign',
  'Games',
  'Horror',
  'Music',
  'New',
  'Sci-Fi',
  'Sports',
  'Travel',
  'Thriller'])</msg>
<msg timestamp="20220623 14:34:08.638" level="INFO">${category_db} = [1, 2, 3, 4, 5, 6, 7, 8, 9, 10, 11, 12, 13, 14, 15, 16, 17]</msg>
<msg timestamp="20220623 14:34:08.638" level="INFO">${categoryname_db} = ['Action', 'Animation', 'Children', 'Classics', 'Comedy', 'Documentary', 'Drama', 'Family', 'Foreign', 'Games', 'Horror', 'Music', 'New', 'Sci-Fi', 'Sports', 'Travel', 'Thriller']</msg>
<status status="PASS" starttime="20220623 14:34:08.637" endtime="20220623 14:34:08.638"/>
</kw>
<kw name="Lists Should Be Equal" library="Col">
<arg>${category}</arg>
<arg>${category_db}</arg>
<doc>Fails if given lists are unequal.</doc>
<msg timestamp="20220623 14:34:08.638" level="TRACE">Arguments: [ [1, 2, 3, 4, 5, 6, 7, 8, 9, 10, 11, 12, 13, 14, 15, 16, 17] | [1, 2, 3, 4, 5, 6, 7, 8, 9, 10, 11, 12, 13, 14, 15, 16, 17] ]</msg>
<msg timestamp="20220623 14:34:08.638" level="DEBUG">Test timeout 10 seconds active. 9.801 seconds left.</msg>
<msg timestamp="20220623 14:34:08.639" level="TRACE">Return: None</msg>
<status status="PASS" starttime="20220623 14:34:08.638" endtime="20220623 14:34:08.639"/>
</kw>
<kw name="Lists Should Be Equal" library="Col">
<arg>${categoryname}</arg>
<arg>${categoryname_db}</arg>
<doc>Fails if given lists are unequal.</doc>
<msg timestamp="20220623 14:34:08.639" level="TRACE">Arguments: [ ['Action',
 'Animation',
 'Children',
 'Classics',
 'Comedy',
 'Documentary',
 'Drama',
 'Family',
 'Foreign',
 'Games',
 'Horror',
 'Music',
 'New',
 'Sci-Fi',
 'Sports',
 'Travel',
 'Thriller'] | ['Action',
 'Animation',
 'Children',
 'Classics',
 'Comedy',
 'Documentary',
 'Drama',
 'Family',
 'Foreign',
 'Games',
 'Horror',
 'Music',
 'New',
 'Sci-Fi',
 'Sports',
 'Travel',
 'Thriller'] ]</msg>
<msg timestamp="20220623 14:34:08.639" level="DEBUG">Test timeout 10 seconds active. 9.8 seconds left.</msg>
<msg timestamp="20220623 14:34:08.644" level="TRACE">Return: None</msg>
<status status="PASS" starttime="20220623 14:34:08.639" endtime="20220623 14:34:08.644"/>
</kw>
<kw name="Test Teardown" library="resource" type="TEARDOWN">
<msg timestamp="20220623 14:34:08.645" level="TRACE">Arguments: [  ]</msg>
<kw name="Delete All Sessions" library="Req">
<doc>Removes all the session objects</doc>
<msg timestamp="20220623 14:34:08.645" level="TRACE">Arguments: [  ]</msg>
<msg timestamp="20220623 14:34:08.647" level="INFO">Deleting All Sessions</msg>
<msg timestamp="20220623 14:34:08.647" level="TRACE">Return: None</msg>
<status status="PASS" starttime="20220623 14:34:08.645" endtime="20220623 14:34:08.647"/>
</kw>
<kw name="Disconnect From Postgresql" library="DB">
<doc>Close active PostgreSQL connection.
You will have to manually open or switch to a new connection.
Due to how ConnectionCache works, connection's index and alias are not removed from cache, so you are able to switch to
closed connection, if it was closed with Disconnect from Postgresql. It will still remain closed though.</doc>
<msg timestamp="20220623 14:34:08.648" level="TRACE">Arguments: [  ]</msg>
<msg timestamp="20220623 14:34:08.650" level="TRACE">Return: None</msg>
<status status="PASS" starttime="20220623 14:34:08.647" endtime="20220623 14:34:08.650"/>
</kw>
<msg timestamp="20220623 14:34:08.650" level="TRACE">Return: None</msg>
<status status="PASS" starttime="20220623 14:34:08.644" endtime="20220623 14:34:08.650"/>
</kw>
<tag>Сategory and Сategoryname</tag>
<timeout value="10 seconds"/>
<status status="PASS" starttime="20220623 14:34:08.439" endtime="20220623 14:34:08.650"/>
</test>
<doc>Проверка поиска данных из нескольких таблиц</doc>
<meta name="Автор">Чекмарева Софья</meta>
<meta name="Номер домашнего задания">3.2</meta>
<meta name="Папка с логами">output2</meta>
<status status="PASS" starttime="20220623 14:34:06.581" endtime="20220623 14:34:08.651"/>
</suite>
<status status="PASS" starttime="20220623 14:34:06.568" endtime="20220623 14:34:08.656"/>
</suite>
<status status="PASS" starttime="20220623 14:34:06.566" endtime="20220623 14:34:08.657"/>
</suite>
<status status="PASS" starttime="20220623 14:34:06.484" endtime="20220623 14:34:08.658"/>
</suite>
<statistics>
<total>
<stat pass="2" fail="0" skip="0">All Tests</stat>
</total>
<tag>
<stat pass="1" fail="0" skip="0">New data</stat>
<stat pass="1" fail="0" skip="0">Сategory and Сategoryname</stat>
</tag>
<suite>
<stat pass="2" fail="0" skip="0" id="s1" name="Sofia">Sofia</stat>
<stat pass="2" fail="0" skip="0" id="s1-s1" name="PycharmProjects">Sofia.PycharmProjects</stat>
<stat pass="2" fail="0" skip="0" id="s1-s1-s1" name="Home task 3">Sofia.PycharmProjects.Home task 3</stat>
<stat pass="2" fail="0" skip="0" id="s1-s1-s1-s1" name="Changing Data Categories For Hometask 3">Sofia.PycharmProjects.Home task 3.Changing Data Categories For Hometask 3</stat>
</suite>
</statistics>
<errors>
</errors>
</robot>
